<?xml version="1.0" encoding="UTF-8"?>
<!-- Generated by org.testng.reporters.JUnitXMLReporter -->
<testsuite hostname="iza-Komputer" ignored="0" name="Default test" tests="12" failures="0" timestamp="13 lut 2019 10:38:46 GMT" time="179.086" errors="0">
  <testcase name="createAnAccount_enterCorrectEmailTest" time="3.255" classname="com.automationpractice.testcases.LoginAndCreateAnAccountPageTest"/>
  <testcase name="createAnAccount_enterCorrectEmailTest" time="1.859" classname="com.automationpractice.testcases.LoginAndCreateAnAccountPageTest"/>
  <testcase name="createAnAccount_enterCorrectEmailTest" time="1.329" classname="com.automationpractice.testcases.LoginAndCreateAnAccountPageTest"/>
  <testcase name="createAnAccount_enterIncorrectEmailTest" time="10.355" classname="com.automationpractice.testcases.LoginAndCreateAnAccountPageTest"/>
  <testcase name="createAnAccount_enterIncorrectEmailTest" time="10.319" classname="com.automationpractice.testcases.LoginAndCreateAnAccountPageTest"/>
  <testcase name="createAnAccount_enterIncorrectEmailTest" time="10.379" classname="com.automationpractice.testcases.LoginAndCreateAnAccountPageTest"/>
  <testcase name="createAnAccount_enterIncorrectEmailTest" time="10.37" classname="com.automationpractice.testcases.LoginAndCreateAnAccountPageTest"/>
  <testcase name="createAnAccount_enterIncorrectEmailTest" time="10.377" classname="com.automationpractice.testcases.LoginAndCreateAnAccountPageTest"/>
  <testcase name="createAnAccount_enterIncorrectEmailTest" time="10.359" classname="com.automationpractice.testcases.LoginAndCreateAnAccountPageTest"/>
  <testcase name="createAnAccount_enterIncorrectEmailTest" time="10.342" classname="com.automationpractice.testcases.LoginAndCreateAnAccountPageTest"/>
  <testcase name="createAnAccount_enterIncorrectEmailTest" time="10.334" classname="com.automationpractice.testcases.LoginAndCreateAnAccountPageTest"/>
  <testcase name="logIn_enterCorrectLoginAndPasswordTest" time="1.322" classname="com.automationpractice.testcases.LoginAndCreateAnAccountPageTest"/>
</testsuite> <!-- Default test -->
