<?xml version="1.0" encoding="UTF-8"?>
<!-- Generated by org.testng.reporters.JUnitXMLReporter -->
<testsuite hostname="iza-Komputer" ignored="4" name="Default test" tests="1" failures="0" timestamp="13 lut 2019 11:29:05 GMT" time="18.69" errors="0">
  <testcase name="enterExistingEmailTest" time="10.463" classname="com.automationpractice.testcases.LoginAndCreateAnAccountPageTest"/>
  <testcase name="enterIncorrectEmailTest" time="0.0" classname="com.automationpractice.testcases.LoginAndCreateAnAccountPageTest">
    <ignored/>
  </testcase> <!-- enterIncorrectEmailTest -->
  <testcase name="enterIncorrectLoginData" time="0.0" classname="com.automationpractice.testcases.LoginAndCreateAnAccountPageTest">
    <ignored/>
  </testcase> <!-- enterIncorrectLoginData -->
  <testcase name="enterCorrectLoginAndPasswordTest" time="0.0" classname="com.automationpractice.testcases.LoginAndCreateAnAccountPageTest">
    <ignored/>
  </testcase> <!-- enterCorrectLoginAndPasswordTest -->
  <testcase name="enterCorrectEmailTest" time="0.0" classname="com.automationpractice.testcases.LoginAndCreateAnAccountPageTest">
    <ignored/>
  </testcase> <!-- enterCorrectEmailTest -->
</testsuite> <!-- Default test -->
