<?xml version="1.0" encoding="UTF-8"?>
<!-- Generated by org.testng.reporters.JUnitXMLReporter -->
<testsuite hostname="iza-Komputer" ignored="6" tests="0" failures="0" timestamp="11 Mar 2019 11:22:23 GMT" time="0.0" errors="0">
  <testcase name="enterIncorrectEmailTest" time="0.0" classname="com.automationpractice.testcases.LoginAndCreateAnAccountPageTest">
    <ignored/>
  </testcase> <!-- enterIncorrectEmailTest -->
  <testcase name="enterExistingEmailTest" time="0.0" classname="com.automationpractice.testcases.LoginAndCreateAnAccountPageTest">
    <ignored/>
  </testcase> <!-- enterExistingEmailTest -->
  <testcase name="enterIncorrectLoginData" time="0.0" classname="com.automationpractice.testcases.LoginAndCreateAnAccountPageTest">
    <ignored/>
  </testcase> <!-- enterIncorrectLoginData -->
  <testcase name="enterCorrectLoginAndPasswordTest" time="0.0" classname="com.automationpractice.testcases.LoginAndCreateAnAccountPageTest">
    <ignored/>
  </testcase> <!-- enterCorrectLoginAndPasswordTest -->
  <testcase name="enterCorrectEmailTest" time="0.0" classname="com.automationpractice.testcases.LoginAndCreateAnAccountPageTest">
    <ignored/>
  </testcase> <!-- enterCorrectEmailTest -->
  <testcase name="fillAllRegistrationFormWithCorrectData" time="0.0" classname="com.automationpractice.testcases.LoginAndCreateAnAccountPageTest">
    <ignored/>
  </testcase> <!-- fillAllRegistrationFormWithCorrectData -->
</testsuite>
