<?xml version="1.0" encoding="UTF-8"?>
<!-- Generated by org.testng.reporters.JUnitXMLReporter -->
<testsuite hostname="iza-Komputer" ignored="4" name="LoginAndCreateAnAccountPageTests" tests="5" failures="0" timestamp="21 Feb 2019 09:39:33 GMT" time="44.846" errors="0">
  <testcase name="enterCorrectLoginAndPasswordTest" time="1.531" classname="com.automationpractice.testcases.LoginAndCreateAnAccountPageTest"/>
  <testcase name="enterIncorrectLoginData" time="0.843" classname="com.automationpractice.testcases.LoginAndCreateAnAccountPageTest"/>
  <testcase name="enterIncorrectLoginData" time="1.39" classname="com.automationpractice.testcases.LoginAndCreateAnAccountPageTest"/>
  <testcase name="enterIncorrectLoginData" time="0.927" classname="com.automationpractice.testcases.LoginAndCreateAnAccountPageTest"/>
  <testcase name="enterIncorrectLoginData" time="1.152" classname="com.automationpractice.testcases.LoginAndCreateAnAccountPageTest"/>
  <testcase name="enterIncorrectEmailTest" time="0.0" classname="com.automationpractice.testcases.LoginAndCreateAnAccountPageTest">
    <ignored/>
  </testcase> <!-- enterIncorrectEmailTest -->
  <testcase name="enterExistingEmailTest" time="0.0" classname="com.automationpractice.testcases.LoginAndCreateAnAccountPageTest">
    <ignored/>
  </testcase> <!-- enterExistingEmailTest -->
  <testcase name="enterCorrectEmailTest" time="0.0" classname="com.automationpractice.testcases.LoginAndCreateAnAccountPageTest">
    <ignored/>
  </testcase> <!-- enterCorrectEmailTest -->
  <testcase name="fillAllRegistrationFormWithCorrectData" time="0.0" classname="com.automationpractice.testcases.LoginAndCreateAnAccountPageTest">
    <ignored/>
  </testcase> <!-- fillAllRegistrationFormWithCorrectData -->
</testsuite> <!-- LoginAndCreateAnAccountPageTests -->
