<?xml version="1.0" encoding="UTF-8"?>
<!-- Generated by org.testng.reporters.JUnitXMLReporter -->
<testsuite hostname="iza-Komputer" ignored="1" name="MainPageTests" tests="1" failures="0" timestamp="21 Feb 2019 13:34:35 GMT" time="9.398" errors="0">
  <testcase name="moveOverElementShowsBuyingAndDetailsOptions" time="0.598" classname="com.automationpractice.testcases.MainPageTest"/>
  <testcase name="onPressLogInButtonMoveToLoginSiteTest" time="0.0" classname="com.automationpractice.testcases.MainPageTest">
    <ignored/>
  </testcase> <!-- onPressLogInButtonMoveToLoginSiteTest -->
</testsuite> <!-- MainPageTests -->
