<?xml version="1.0" encoding="UTF-8"?>
<!-- Generated by org.testng.reporters.JUnitXMLReporter -->
<testsuite hostname="iza-Komputer" ignored="2" name="Test" tests="16" failures="0" timestamp="18 Feb 2019 18:34:45 GMT" time="170.901" errors="0">
  <testcase name="enterCorrectEmailTest" time="1.391" classname="com.automationpractice.testcases.LoginAndCreateAnAccountPageTest"/>
  <testcase name="enterCorrectEmailTest" time="1.485" classname="com.automationpractice.testcases.LoginAndCreateAnAccountPageTest"/>
  <testcase name="enterCorrectEmailTest" time="1.342" classname="com.automationpractice.testcases.LoginAndCreateAnAccountPageTest"/>
  <testcase name="enterCorrectLoginAndPasswordTest" time="1.403" classname="com.automationpractice.testcases.LoginAndCreateAnAccountPageTest"/>
  <testcase name="enterExistingEmailTest" time="3.351" classname="com.automationpractice.testcases.LoginAndCreateAnAccountPageTest"/>
  <testcase name="enterIncorrectEmailTest" time="3.374" classname="com.automationpractice.testcases.LoginAndCreateAnAccountPageTest"/>
  <testcase name="enterIncorrectEmailTest" time="3.319" classname="com.automationpractice.testcases.LoginAndCreateAnAccountPageTest"/>
  <testcase name="enterIncorrectEmailTest" time="3.339" classname="com.automationpractice.testcases.LoginAndCreateAnAccountPageTest"/>
  <testcase name="enterIncorrectEmailTest" time="3.372" classname="com.automationpractice.testcases.LoginAndCreateAnAccountPageTest"/>
  <testcase name="enterIncorrectEmailTest" time="3.352" classname="com.automationpractice.testcases.LoginAndCreateAnAccountPageTest"/>
  <testcase name="enterIncorrectEmailTest" time="3.357" classname="com.automationpractice.testcases.LoginAndCreateAnAccountPageTest"/>
  <testcase name="enterIncorrectEmailTest" time="3.35" classname="com.automationpractice.testcases.LoginAndCreateAnAccountPageTest"/>
  <testcase name="enterIncorrectEmailTest" time="3.347" classname="com.automationpractice.testcases.LoginAndCreateAnAccountPageTest"/>
  <testcase name="fillAllRegistrationFormWithCorrectData" time="5.803" classname="com.automationpractice.testcases.LoginAndCreateAnAccountPageTest"/>
  <testcase name="fillAllRegistrationFormWithCorrectData" time="5.675" classname="com.automationpractice.testcases.LoginAndCreateAnAccountPageTest"/>
  <testcase name="fillAllRegistrationFormWithCorrectData" time="5.598" classname="com.automationpractice.testcases.LoginAndCreateAnAccountPageTest"/>
  <testcase name="enterIncorrectLoginData" time="0.0" classname="com.automationpractice.testcases.LoginAndCreateAnAccountPageTest">
    <ignored/>
  </testcase> <!-- enterIncorrectLoginData -->
  <testcase name="onPressLogInButtonMoveToLoginSiteTest" time="0.0" classname="com.automationpractice.testcases.MainPageTest">
    <ignored/>
  </testcase> <!-- onPressLogInButtonMoveToLoginSiteTest -->
</testsuite> <!-- Test -->
