<?xml version="1.0" encoding="UTF-8"?>
<!-- Generated by org.testng.reporters.JUnitXMLReporter -->
<testsuite hostname="iza-Komputer" ignored="5" name="Test" tests="2" failures="0" timestamp="20 Feb 2019 08:15:08 GMT" time="17.07" errors="0">
  <testcase name="enterCorrectLoginAndPasswordTest" time="1.407" classname="com.automationpractice.testcases.LoginAndCreateAnAccountPageTest"/>
  <testcase name="onPressLogInButtonMoveToLoginSiteTest" time="1.191" classname="com.automationpractice.testcases.MainPageTest"/>
  <testcase name="enterIncorrectEmailTest" time="0.0" classname="com.automationpractice.testcases.LoginAndCreateAnAccountPageTest">
    <ignored/>
  </testcase> <!-- enterIncorrectEmailTest -->
  <testcase name="enterExistingEmailTest" time="0.0" classname="com.automationpractice.testcases.LoginAndCreateAnAccountPageTest">
    <ignored/>
  </testcase> <!-- enterExistingEmailTest -->
  <testcase name="enterIncorrectLoginData" time="0.0" classname="com.automationpractice.testcases.LoginAndCreateAnAccountPageTest">
    <ignored/>
  </testcase> <!-- enterIncorrectLoginData -->
  <testcase name="enterCorrectEmailTest" time="0.0" classname="com.automationpractice.testcases.LoginAndCreateAnAccountPageTest">
    <ignored/>
  </testcase> <!-- enterCorrectEmailTest -->
  <testcase name="fillAllRegistrationFormWithCorrectData" time="0.0" classname="com.automationpractice.testcases.LoginAndCreateAnAccountPageTest">
    <ignored/>
  </testcase> <!-- fillAllRegistrationFormWithCorrectData -->
</testsuite> <!-- Test -->
