<?xml version="1.0" encoding="UTF-8"?>
<testng-results skipped="0" failed="0" ignored="2" total="18" passed="16">
  <reporter-output>
  </reporter-output>
  <suite name="Suite" duration-ms="170901" started-at="2019-02-18T18:31:55Z" finished-at="2019-02-18T18:34:45Z">
    <groups>
    </groups>
    <test name="Test" duration-ms="170901" started-at="2019-02-18T18:31:55Z" finished-at="2019-02-18T18:34:45Z">
      <class name="com.automationpractice.testcases.LoginAndCreateAnAccountPageTest">
        <test-method status="PASS" signature="setupBeforeMethod()[pri:0, instance:com.automationpractice.testcases.LoginAndCreateAnAccountPageTest@31a5c39e]" name="setupBeforeMethod" is-config="true" duration-ms="5981" started-at="2019-02-18T18:31:55Z" finished-at="2019-02-18T18:32:01Z">
          <reporter-output>
          </reporter-output>
        </test-method> <!-- setupBeforeMethod -->
        <test-method status="PASS" signature="enterCorrectEmailTest(java.lang.String)[pri:0, instance:com.automationpractice.testcases.LoginAndCreateAnAccountPageTest@31a5c39e]" name="enterCorrectEmailTest" duration-ms="1391" started-at="2019-02-18T18:32:01Z" data-provider="Excel-DataProvider" finished-at="2019-02-18T18:32:03Z">
          <params>
            <param index="0">
              <value>
                <![CDATA[automationtesting65@gmail.com]]>
              </value>
            </param>
          </params>
          <reporter-output>
          </reporter-output>
        </test-method> <!-- enterCorrectEmailTest -->
        <test-method status="PASS" signature="teardown()[pri:0, instance:com.automationpractice.testcases.LoginAndCreateAnAccountPageTest@31a5c39e]" name="teardown" is-config="true" duration-ms="1827" started-at="2019-02-18T18:32:03Z" finished-at="2019-02-18T18:32:04Z">
          <reporter-output>
          </reporter-output>
        </test-method> <!-- teardown -->
        <test-method status="PASS" signature="setupBeforeMethod()[pri:0, instance:com.automationpractice.testcases.LoginAndCreateAnAccountPageTest@31a5c39e]" name="setupBeforeMethod" is-config="true" duration-ms="5189" started-at="2019-02-18T18:32:04Z" finished-at="2019-02-18T18:32:10Z">
          <reporter-output>
          </reporter-output>
        </test-method> <!-- setupBeforeMethod -->
        <test-method status="PASS" signature="enterCorrectEmailTest(java.lang.String)[pri:0, instance:com.automationpractice.testcases.LoginAndCreateAnAccountPageTest@31a5c39e]" name="enterCorrectEmailTest" duration-ms="1485" started-at="2019-02-18T18:32:10Z" data-provider="Excel-DataProvider" finished-at="2019-02-18T18:32:11Z">
          <params>
            <param index="0">
              <value>
                <![CDATA[Automationtesting65@o2.pl]]>
              </value>
            </param>
          </params>
          <reporter-output>
          </reporter-output>
        </test-method> <!-- enterCorrectEmailTest -->
        <test-method status="PASS" signature="teardown()[pri:0, instance:com.automationpractice.testcases.LoginAndCreateAnAccountPageTest@31a5c39e]" name="teardown" is-config="true" duration-ms="1881" started-at="2019-02-18T18:32:11Z" finished-at="2019-02-18T18:32:13Z">
          <reporter-output>
          </reporter-output>
        </test-method> <!-- teardown -->
        <test-method status="PASS" signature="setupBeforeMethod()[pri:0, instance:com.automationpractice.testcases.LoginAndCreateAnAccountPageTest@31a5c39e]" name="setupBeforeMethod" is-config="true" duration-ms="5461" started-at="2019-02-18T18:32:13Z" finished-at="2019-02-18T18:32:18Z">
          <reporter-output>
          </reporter-output>
        </test-method> <!-- setupBeforeMethod -->
        <test-method status="PASS" signature="enterCorrectEmailTest(java.lang.String)[pri:0, instance:com.automationpractice.testcases.LoginAndCreateAnAccountPageTest@31a5c39e]" name="enterCorrectEmailTest" duration-ms="1342" started-at="2019-02-18T18:32:18Z" data-provider="Excel-DataProvider" finished-at="2019-02-18T18:32:20Z">
          <params>
            <param index="0">
              <value>
                <![CDATA[automationtesting@onet.pl]]>
              </value>
            </param>
          </params>
          <reporter-output>
          </reporter-output>
        </test-method> <!-- enterCorrectEmailTest -->
        <test-method status="PASS" signature="teardown()[pri:0, instance:com.automationpractice.testcases.LoginAndCreateAnAccountPageTest@31a5c39e]" name="teardown" is-config="true" duration-ms="1829" started-at="2019-02-18T18:32:20Z" finished-at="2019-02-18T18:32:22Z">
          <reporter-output>
          </reporter-output>
        </test-method> <!-- teardown -->
        <test-method status="PASS" signature="setupBeforeMethod()[pri:0, instance:com.automationpractice.testcases.LoginAndCreateAnAccountPageTest@31a5c39e]" name="setupBeforeMethod" is-config="true" duration-ms="5755" started-at="2019-02-18T18:32:22Z" finished-at="2019-02-18T18:32:27Z">
          <reporter-output>
          </reporter-output>
        </test-method> <!-- setupBeforeMethod -->
        <test-method status="PASS" signature="enterCorrectLoginAndPasswordTest(java.lang.String, java.lang.String)[pri:0, instance:com.automationpractice.testcases.LoginAndCreateAnAccountPageTest@31a5c39e]" name="enterCorrectLoginAndPasswordTest" duration-ms="1403" started-at="2019-02-18T18:32:27Z" data-provider="Excel-DataProvider" finished-at="2019-02-18T18:32:29Z">
          <params>
            <param index="0">
              <value>
                <![CDATA[jan@o2.pl]]>
              </value>
            </param>
            <param index="1">
              <value>
                <![CDATA[haslo]]>
              </value>
            </param>
          </params>
          <reporter-output>
          </reporter-output>
        </test-method> <!-- enterCorrectLoginAndPasswordTest -->
        <test-method status="PASS" signature="teardown()[pri:0, instance:com.automationpractice.testcases.LoginAndCreateAnAccountPageTest@31a5c39e]" name="teardown" is-config="true" duration-ms="1868" started-at="2019-02-18T18:32:29Z" finished-at="2019-02-18T18:32:31Z">
          <reporter-output>
          </reporter-output>
        </test-method> <!-- teardown -->
        <test-method status="PASS" signature="setupBeforeMethod()[pri:0, instance:com.automationpractice.testcases.LoginAndCreateAnAccountPageTest@31a5c39e]" name="setupBeforeMethod" is-config="true" duration-ms="4992" started-at="2019-02-18T18:32:31Z" finished-at="2019-02-18T18:32:36Z">
          <reporter-output>
          </reporter-output>
        </test-method> <!-- setupBeforeMethod -->
        <test-method status="PASS" signature="enterExistingEmailTest(java.lang.String)[pri:0, instance:com.automationpractice.testcases.LoginAndCreateAnAccountPageTest@31a5c39e]" name="enterExistingEmailTest" duration-ms="3351" started-at="2019-02-18T18:32:36Z" data-provider="Excel-DataProvider" finished-at="2019-02-18T18:32:39Z">
          <params>
            <param index="0">
              <value>
                <![CDATA[jan@o2.pl]]>
              </value>
            </param>
          </params>
          <reporter-output>
          </reporter-output>
        </test-method> <!-- enterExistingEmailTest -->
        <test-method status="PASS" signature="teardown()[pri:0, instance:com.automationpractice.testcases.LoginAndCreateAnAccountPageTest@31a5c39e]" name="teardown" is-config="true" duration-ms="1861" started-at="2019-02-18T18:32:39Z" finished-at="2019-02-18T18:32:41Z">
          <reporter-output>
          </reporter-output>
        </test-method> <!-- teardown -->
        <test-method status="PASS" signature="setupBeforeMethod()[pri:0, instance:com.automationpractice.testcases.LoginAndCreateAnAccountPageTest@31a5c39e]" name="setupBeforeMethod" is-config="true" duration-ms="5175" started-at="2019-02-18T18:32:41Z" finished-at="2019-02-18T18:32:46Z">
          <reporter-output>
          </reporter-output>
        </test-method> <!-- setupBeforeMethod -->
        <test-method status="PASS" signature="enterIncorrectEmailTest(java.lang.String)[pri:0, instance:com.automationpractice.testcases.LoginAndCreateAnAccountPageTest@31a5c39e]" name="enterIncorrectEmailTest" duration-ms="3374" started-at="2019-02-18T18:32:46Z" data-provider="Excel-DataProvider" finished-at="2019-02-18T18:32:50Z">
          <params>
            <param index="0">
              <value>
                <![CDATA[automationtesting65gmail.com ]]>
              </value>
            </param>
          </params>
          <reporter-output>
          </reporter-output>
        </test-method> <!-- enterIncorrectEmailTest -->
        <test-method status="PASS" signature="teardown()[pri:0, instance:com.automationpractice.testcases.LoginAndCreateAnAccountPageTest@31a5c39e]" name="teardown" is-config="true" duration-ms="1888" started-at="2019-02-18T18:32:50Z" finished-at="2019-02-18T18:32:51Z">
          <reporter-output>
          </reporter-output>
        </test-method> <!-- teardown -->
        <test-method status="PASS" signature="setupBeforeMethod()[pri:0, instance:com.automationpractice.testcases.LoginAndCreateAnAccountPageTest@31a5c39e]" name="setupBeforeMethod" is-config="true" duration-ms="6596" started-at="2019-02-18T18:32:51Z" finished-at="2019-02-18T18:32:58Z">
          <reporter-output>
          </reporter-output>
        </test-method> <!-- setupBeforeMethod -->
        <test-method status="PASS" signature="enterIncorrectEmailTest(java.lang.String)[pri:0, instance:com.automationpractice.testcases.LoginAndCreateAnAccountPageTest@31a5c39e]" name="enterIncorrectEmailTest" duration-ms="3319" started-at="2019-02-18T18:32:58Z" data-provider="Excel-DataProvider" finished-at="2019-02-18T18:33:01Z">
          <params>
            <param index="0">
              <value>
                <![CDATA[@gmail.com ]]>
              </value>
            </param>
          </params>
          <reporter-output>
          </reporter-output>
        </test-method> <!-- enterIncorrectEmailTest -->
        <test-method status="PASS" signature="teardown()[pri:0, instance:com.automationpractice.testcases.LoginAndCreateAnAccountPageTest@31a5c39e]" name="teardown" is-config="true" duration-ms="1843" started-at="2019-02-18T18:33:01Z" finished-at="2019-02-18T18:33:03Z">
          <reporter-output>
          </reporter-output>
        </test-method> <!-- teardown -->
        <test-method status="PASS" signature="setupBeforeMethod()[pri:0, instance:com.automationpractice.testcases.LoginAndCreateAnAccountPageTest@31a5c39e]" name="setupBeforeMethod" is-config="true" duration-ms="5362" started-at="2019-02-18T18:33:03Z" finished-at="2019-02-18T18:33:09Z">
          <reporter-output>
          </reporter-output>
        </test-method> <!-- setupBeforeMethod -->
        <test-method status="PASS" signature="enterIncorrectEmailTest(java.lang.String)[pri:0, instance:com.automationpractice.testcases.LoginAndCreateAnAccountPageTest@31a5c39e]" name="enterIncorrectEmailTest" duration-ms="3339" started-at="2019-02-18T18:33:09Z" data-provider="Excel-DataProvider" finished-at="2019-02-18T18:33:12Z">
          <params>
            <param index="0">
              <value>
                <![CDATA[automationtesting65@]]>
              </value>
            </param>
          </params>
          <reporter-output>
          </reporter-output>
        </test-method> <!-- enterIncorrectEmailTest -->
        <test-method status="PASS" signature="teardown()[pri:0, instance:com.automationpractice.testcases.LoginAndCreateAnAccountPageTest@31a5c39e]" name="teardown" is-config="true" duration-ms="1828" started-at="2019-02-18T18:33:12Z" finished-at="2019-02-18T18:33:14Z">
          <reporter-output>
          </reporter-output>
        </test-method> <!-- teardown -->
        <test-method status="PASS" signature="setupBeforeMethod()[pri:0, instance:com.automationpractice.testcases.LoginAndCreateAnAccountPageTest@31a5c39e]" name="setupBeforeMethod" is-config="true" duration-ms="5119" started-at="2019-02-18T18:33:14Z" finished-at="2019-02-18T18:33:19Z">
          <reporter-output>
          </reporter-output>
        </test-method> <!-- setupBeforeMethod -->
        <test-method status="PASS" signature="enterIncorrectEmailTest(java.lang.String)[pri:0, instance:com.automationpractice.testcases.LoginAndCreateAnAccountPageTest@31a5c39e]" name="enterIncorrectEmailTest" duration-ms="3372" started-at="2019-02-18T18:33:19Z" data-provider="Excel-DataProvider" finished-at="2019-02-18T18:33:22Z">
          <params>
            <param index="0">
              <value>
                <![CDATA[automationtesting65]]>
              </value>
            </param>
          </params>
          <reporter-output>
          </reporter-output>
        </test-method> <!-- enterIncorrectEmailTest -->
        <test-method status="PASS" signature="teardown()[pri:0, instance:com.automationpractice.testcases.LoginAndCreateAnAccountPageTest@31a5c39e]" name="teardown" is-config="true" duration-ms="1951" started-at="2019-02-18T18:33:22Z" finished-at="2019-02-18T18:33:24Z">
          <reporter-output>
          </reporter-output>
        </test-method> <!-- teardown -->
        <test-method status="PASS" signature="setupBeforeMethod()[pri:0, instance:com.automationpractice.testcases.LoginAndCreateAnAccountPageTest@31a5c39e]" name="setupBeforeMethod" is-config="true" duration-ms="5474" started-at="2019-02-18T18:33:24Z" finished-at="2019-02-18T18:33:30Z">
          <reporter-output>
          </reporter-output>
        </test-method> <!-- setupBeforeMethod -->
        <test-method status="PASS" signature="enterIncorrectEmailTest(java.lang.String)[pri:0, instance:com.automationpractice.testcases.LoginAndCreateAnAccountPageTest@31a5c39e]" name="enterIncorrectEmailTest" duration-ms="3352" started-at="2019-02-18T18:33:30Z" data-provider="Excel-DataProvider" finished-at="2019-02-18T18:33:33Z">
          <params>
            <param index="0">
              <value>
                <![CDATA[automationtesting65@@gmail.com ]]>
              </value>
            </param>
          </params>
          <reporter-output>
          </reporter-output>
        </test-method> <!-- enterIncorrectEmailTest -->
        <test-method status="PASS" signature="teardown()[pri:0, instance:com.automationpractice.testcases.LoginAndCreateAnAccountPageTest@31a5c39e]" name="teardown" is-config="true" duration-ms="1875" started-at="2019-02-18T18:33:33Z" finished-at="2019-02-18T18:33:35Z">
          <reporter-output>
          </reporter-output>
        </test-method> <!-- teardown -->
        <test-method status="PASS" signature="setupBeforeMethod()[pri:0, instance:com.automationpractice.testcases.LoginAndCreateAnAccountPageTest@31a5c39e]" name="setupBeforeMethod" is-config="true" duration-ms="5656" started-at="2019-02-18T18:33:35Z" finished-at="2019-02-18T18:33:40Z">
          <reporter-output>
          </reporter-output>
        </test-method> <!-- setupBeforeMethod -->
        <test-method status="PASS" signature="enterIncorrectEmailTest(java.lang.String)[pri:0, instance:com.automationpractice.testcases.LoginAndCreateAnAccountPageTest@31a5c39e]" name="enterIncorrectEmailTest" duration-ms="3357" started-at="2019-02-18T18:33:40Z" data-provider="Excel-DataProvider" finished-at="2019-02-18T18:33:44Z">
          <params>
            <param index="0">
              <value>
                <![CDATA[automationtesting65@ll .pl]]>
              </value>
            </param>
          </params>
          <reporter-output>
          </reporter-output>
        </test-method> <!-- enterIncorrectEmailTest -->
        <test-method status="PASS" signature="teardown()[pri:0, instance:com.automationpractice.testcases.LoginAndCreateAnAccountPageTest@31a5c39e]" name="teardown" is-config="true" duration-ms="1828" started-at="2019-02-18T18:33:44Z" finished-at="2019-02-18T18:33:46Z">
          <reporter-output>
          </reporter-output>
        </test-method> <!-- teardown -->
        <test-method status="PASS" signature="setupBeforeMethod()[pri:0, instance:com.automationpractice.testcases.LoginAndCreateAnAccountPageTest@31a5c39e]" name="setupBeforeMethod" is-config="true" duration-ms="5101" started-at="2019-02-18T18:33:46Z" finished-at="2019-02-18T18:33:51Z">
          <reporter-output>
          </reporter-output>
        </test-method> <!-- setupBeforeMethod -->
        <test-method status="PASS" signature="enterIncorrectEmailTest(java.lang.String)[pri:0, instance:com.automationpractice.testcases.LoginAndCreateAnAccountPageTest@31a5c39e]" name="enterIncorrectEmailTest" duration-ms="3350" started-at="2019-02-18T18:33:51Z" data-provider="Excel-DataProvider" finished-at="2019-02-18T18:33:54Z">
          <params>
            <param index="0">
              <value>
                <![CDATA[Automationtes ting65@ll.pl]]>
              </value>
            </param>
          </params>
          <reporter-output>
          </reporter-output>
        </test-method> <!-- enterIncorrectEmailTest -->
        <test-method status="PASS" signature="teardown()[pri:0, instance:com.automationpractice.testcases.LoginAndCreateAnAccountPageTest@31a5c39e]" name="teardown" is-config="true" duration-ms="1836" started-at="2019-02-18T18:33:54Z" finished-at="2019-02-18T18:33:56Z">
          <reporter-output>
          </reporter-output>
        </test-method> <!-- teardown -->
        <test-method status="PASS" signature="setupBeforeMethod()[pri:0, instance:com.automationpractice.testcases.LoginAndCreateAnAccountPageTest@31a5c39e]" name="setupBeforeMethod" is-config="true" duration-ms="5143" started-at="2019-02-18T18:33:56Z" finished-at="2019-02-18T18:34:01Z">
          <reporter-output>
          </reporter-output>
        </test-method> <!-- setupBeforeMethod -->
        <test-method status="PASS" signature="enterIncorrectEmailTest(java.lang.String)[pri:0, instance:com.automationpractice.testcases.LoginAndCreateAnAccountPageTest@31a5c39e]" name="enterIncorrectEmailTest" duration-ms="3347" started-at="2019-02-18T18:34:01Z" data-provider="Excel-DataProvider" finished-at="2019-02-18T18:34:04Z">
          <params>
            <param index="0">
              <value>
                <![CDATA[automationtesting6@onet..pl]]>
              </value>
            </param>
          </params>
          <reporter-output>
          </reporter-output>
        </test-method> <!-- enterIncorrectEmailTest -->
        <test-method status="PASS" signature="teardown()[pri:0, instance:com.automationpractice.testcases.LoginAndCreateAnAccountPageTest@31a5c39e]" name="teardown" is-config="true" duration-ms="1892" started-at="2019-02-18T18:34:04Z" finished-at="2019-02-18T18:34:06Z">
          <reporter-output>
          </reporter-output>
        </test-method> <!-- teardown -->
        <test-method status="PASS" signature="setupBeforeMethod()[pri:0, instance:com.automationpractice.testcases.LoginAndCreateAnAccountPageTest@31a5c39e]" name="setupBeforeMethod" is-config="true" duration-ms="5171" started-at="2019-02-18T18:34:06Z" finished-at="2019-02-18T18:34:12Z">
          <reporter-output>
          </reporter-output>
        </test-method> <!-- setupBeforeMethod -->
        <test-method status="PASS" signature="fillAllRegistrationFormWithCorrectData(java.lang.String, java.lang.String, java.lang.String, java.lang.String, java.lang.String, java.lang.String, java.lang.String, java.lang.String, java.lang.String, java.lang.String, java.lang.String, java.lang.String)[pri:0, instance:com.automationpractice.testcases.LoginAndCreateAnAccountPageTest@31a5c39e]" name="fillAllRegistrationFormWithCorrectData" duration-ms="5803" started-at="2019-02-18T18:34:12Z" data-provider="Excel-DataProvider" finished-at="2019-02-18T18:34:17Z">
          <params>
            <param index="0">
              <value>
                <![CDATA[Jan]]>
              </value>
            </param>
            <param index="1">
              <value>
                <![CDATA[Kowalski]]>
              </value>
            </param>
            <param index="2">
              <value>
                <![CDATA[Password1]]>
              </value>
            </param>
            <param index="3">
              <value>
                <![CDATA[Company a]]>
              </value>
            </param>
            <param index="4">
              <value>
                <![CDATA[Lisia]]>
              </value>
            </param>
            <param index="5">
              <value>
                <![CDATA[3]]>
              </value>
            </param>
            <param index="6">
              <value>
                <![CDATA[Wrocław]]>
              </value>
            </param>
            <param index="7">
              <value>
                <![CDATA[88222]]>
              </value>
            </param>
            <param index="8">
              <value>
                <![CDATA[This is my registration data]]>
              </value>
            </param>
            <param index="9">
              <value>
                <![CDATA[258147]]>
              </value>
            </param>
            <param index="10">
              <value>
                <![CDATA[852369823]]>
              </value>
            </param>
            <param index="11">
              <value>
                <![CDATA[jk@gmail.com]]>
              </value>
            </param>
          </params>
          <reporter-output>
          </reporter-output>
        </test-method> <!-- fillAllRegistrationFormWithCorrectData -->
        <test-method status="PASS" signature="teardown()[pri:0, instance:com.automationpractice.testcases.LoginAndCreateAnAccountPageTest@31a5c39e]" name="teardown" is-config="true" duration-ms="1890" started-at="2019-02-18T18:34:17Z" finished-at="2019-02-18T18:34:19Z">
          <reporter-output>
          </reporter-output>
        </test-method> <!-- teardown -->
        <test-method status="PASS" signature="setupBeforeMethod()[pri:0, instance:com.automationpractice.testcases.LoginAndCreateAnAccountPageTest@31a5c39e]" name="setupBeforeMethod" is-config="true" duration-ms="5585" started-at="2019-02-18T18:34:19Z" finished-at="2019-02-18T18:34:25Z">
          <reporter-output>
          </reporter-output>
        </test-method> <!-- setupBeforeMethod -->
        <test-method status="PASS" signature="fillAllRegistrationFormWithCorrectData(java.lang.String, java.lang.String, java.lang.String, java.lang.String, java.lang.String, java.lang.String, java.lang.String, java.lang.String, java.lang.String, java.lang.String, java.lang.String, java.lang.String)[pri:0, instance:com.automationpractice.testcases.LoginAndCreateAnAccountPageTest@31a5c39e]" name="fillAllRegistrationFormWithCorrectData" duration-ms="5675" started-at="2019-02-18T18:34:25Z" data-provider="Excel-DataProvider" finished-at="2019-02-18T18:34:31Z">
          <params>
            <param index="0">
              <value>
                <![CDATA[Adam]]>
              </value>
            </param>
            <param index="1">
              <value>
                <![CDATA[Nowak]]>
              </value>
            </param>
            <param index="2">
              <value>
                <![CDATA[Haslo11A_*]]>
              </value>
            </param>
            <param index="3">
              <value>
                <![CDATA[Company Name]]>
              </value>
            </param>
            <param index="4">
              <value>
                <![CDATA[Prosta]]>
              </value>
            </param>
            <param index="5">
              <value>
                <![CDATA[2/1]]>
              </value>
            </param>
            <param index="6">
              <value>
                <![CDATA[Warszawa]]>
              </value>
            </param>
            <param index="7">
              <value>
                <![CDATA[99877]]>
              </value>
            </param>
            <param index="8">
              <value>
                <![CDATA[]]>
              </value>
            </param>
            <param index="9">
              <value>
                <![CDATA[258147]]>
              </value>
            </param>
            <param index="10">
              <value>
                <![CDATA[]]>
              </value>
            </param>
            <param index="11">
              <value>
                <![CDATA[]]>
              </value>
            </param>
          </params>
          <reporter-output>
          </reporter-output>
        </test-method> <!-- fillAllRegistrationFormWithCorrectData -->
        <test-method status="PASS" signature="teardown()[pri:0, instance:com.automationpractice.testcases.LoginAndCreateAnAccountPageTest@31a5c39e]" name="teardown" is-config="true" duration-ms="1926" started-at="2019-02-18T18:34:31Z" finished-at="2019-02-18T18:34:32Z">
          <reporter-output>
          </reporter-output>
        </test-method> <!-- teardown -->
        <test-method status="PASS" signature="setupBeforeMethod()[pri:0, instance:com.automationpractice.testcases.LoginAndCreateAnAccountPageTest@31a5c39e]" name="setupBeforeMethod" is-config="true" duration-ms="5563" started-at="2019-02-18T18:34:32Z" finished-at="2019-02-18T18:34:38Z">
          <reporter-output>
          </reporter-output>
        </test-method> <!-- setupBeforeMethod -->
        <test-method status="PASS" signature="fillAllRegistrationFormWithCorrectData(java.lang.String, java.lang.String, java.lang.String, java.lang.String, java.lang.String, java.lang.String, java.lang.String, java.lang.String, java.lang.String, java.lang.String, java.lang.String, java.lang.String)[pri:0, instance:com.automationpractice.testcases.LoginAndCreateAnAccountPageTest@31a5c39e]" name="fillAllRegistrationFormWithCorrectData" duration-ms="5598" started-at="2019-02-18T18:34:38Z" data-provider="Excel-DataProvider" finished-at="2019-02-18T18:34:44Z">
          <params>
            <param index="0">
              <value>
                <![CDATA[Grażyna]]>
              </value>
            </param>
            <param index="1">
              <value>
                <![CDATA[Wiśniewska]]>
              </value>
            </param>
            <param index="2">
              <value>
                <![CDATA[Haslo**]]>
              </value>
            </param>
            <param index="3">
              <value>
                <![CDATA[Company 1]]>
              </value>
            </param>
            <param index="4">
              <value>
                <![CDATA[Słoneczna]]>
              </value>
            </param>
            <param index="5">
              <value>
                <![CDATA[23/12]]>
              </value>
            </param>
            <param index="6">
              <value>
                <![CDATA[Zielona góra]]>
              </value>
            </param>
            <param index="7">
              <value>
                <![CDATA[12234]]>
              </value>
            </param>
            <param index="8">
              <value>
                <![CDATA[]]>
              </value>
            </param>
            <param index="9">
              <value>
                <![CDATA[]]>
              </value>
            </param>
            <param index="10">
              <value>
                <![CDATA[123123123]]>
              </value>
            </param>
            <param index="11">
              <value>
                <![CDATA[]]>
              </value>
            </param>
          </params>
          <reporter-output>
          </reporter-output>
        </test-method> <!-- fillAllRegistrationFormWithCorrectData -->
        <test-method status="PASS" signature="teardown()[pri:0, instance:com.automationpractice.testcases.LoginAndCreateAnAccountPageTest@31a5c39e]" name="teardown" is-config="true" duration-ms="1829" started-at="2019-02-18T18:34:44Z" finished-at="2019-02-18T18:34:45Z">
          <reporter-output>
          </reporter-output>
        </test-method> <!-- teardown -->
      </class> <!-- com.automationpractice.testcases.LoginAndCreateAnAccountPageTest -->
    </test> <!-- Test -->
  </suite> <!-- Suite -->
</testng-results>
