<?xml version="1.0" encoding="UTF-8"?>
<testng-results skipped="0" failed="0" ignored="0" total="1" passed="1">
  <reporter-output>
  </reporter-output>
  <suite name="Default suite" duration-ms="10325" started-at="2019-02-09T16:06:32Z" finished-at="2019-02-09T16:06:42Z">
    <groups>
    </groups>
    <test name="Default test" duration-ms="10325" started-at="2019-02-09T16:06:32Z" finished-at="2019-02-09T16:06:42Z">
      <class name="com.automationpractice.testcases.MainPageTest">
        <test-method status="PASS" signature="initialDriverInstance()[pri:0, instance:com.automationpractice.testcases.MainPageTest@57baeedf]" name="initialDriverInstance" is-config="true" duration-ms="7231" started-at="2019-02-09T16:06:32Z" finished-at="2019-02-09T16:06:39Z">
          <reporter-output>
          </reporter-output>
        </test-method> <!-- initialDriverInstance -->
        <test-method status="PASS" signature="validatePageURLTest()[pri:0, instance:com.automationpractice.testcases.MainPageTest@57baeedf]" name="validatePageURLTest" duration-ms="1543" started-at="2019-02-09T16:06:39Z" finished-at="2019-02-09T16:06:41Z">
          <reporter-output>
          </reporter-output>
        </test-method> <!-- validatePageURLTest -->
        <test-method status="PASS" signature="closeDriverInstance()[pri:0, instance:com.automationpractice.testcases.MainPageTest@57baeedf]" name="closeDriverInstance" is-config="true" duration-ms="1529" started-at="2019-02-09T16:06:41Z" finished-at="2019-02-09T16:06:42Z">
          <reporter-output>
          </reporter-output>
        </test-method> <!-- closeDriverInstance -->
      </class> <!-- com.automationpractice.testcases.MainPageTest -->
    </test> <!-- Default test -->
  </suite> <!-- Default suite -->
</testng-results>
