<?xml version="1.0" encoding="UTF-8"?>
<testng-results skipped="0" failed="0" ignored="4" total="5" passed="1">
  <reporter-output>
  </reporter-output>
  <suite name="Default suite" duration-ms="18690" started-at="2019-02-13T11:28:46Z" finished-at="2019-02-13T11:29:05Z">
    <groups>
    </groups>
    <test name="Default test" duration-ms="18690" started-at="2019-02-13T11:28:46Z" finished-at="2019-02-13T11:29:05Z">
      <class name="com.automationpractice.testcases.LoginAndCreateAnAccountPageTest">
        <test-method status="PASS" signature="initialDriverInstance()[pri:0, instance:com.automationpractice.testcases.LoginAndCreateAnAccountPageTest@204f30ec]" name="initialDriverInstance" is-config="true" duration-ms="7746" started-at="2019-02-13T11:28:46Z" finished-at="2019-02-13T11:28:54Z">
          <reporter-output>
          </reporter-output>
        </test-method> <!-- initialDriverInstance -->
        <test-method status="PASS" signature="enterExistingEmailTest(java.lang.String)[pri:0, instance:com.automationpractice.testcases.LoginAndCreateAnAccountPageTest@204f30ec]" name="enterExistingEmailTest" duration-ms="10463" started-at="2019-02-13T11:28:54Z" data-provider="Excel-OneColumn-DataProvider" finished-at="2019-02-13T11:29:05Z">
          <params>
            <param index="0">
              <value>
                <![CDATA[jan@o2.pl]]>
              </value>
            </param>
          </params>
          <reporter-output>
          </reporter-output>
        </test-method> <!-- enterExistingEmailTest -->
        <test-method status="PASS" signature="closeDriverInstance()[pri:0, instance:com.automationpractice.testcases.LoginAndCreateAnAccountPageTest@204f30ec]" name="closeDriverInstance" is-config="true" duration-ms="0" started-at="2019-02-13T11:29:05Z" finished-at="2019-02-13T11:29:05Z">
          <reporter-output>
          </reporter-output>
        </test-method> <!-- closeDriverInstance -->
      </class> <!-- com.automationpractice.testcases.LoginAndCreateAnAccountPageTest -->
    </test> <!-- Default test -->
  </suite> <!-- Default suite -->
</testng-results>
