<?xml version="1.0" encoding="UTF-8"?>
<testng-results skipped="0" failed="0" ignored="7" total="8" passed="1">
  <reporter-output>
  </reporter-output>
  <suite name="Suite" duration-ms="9015" started-at="2019-02-21T13:04:16Z" finished-at="2019-02-21T13:04:25Z">
    <groups>
      <group name="buy">
        <method signature="MainPageTest.moveOverElementShowsBuyingAndDetailsOptions()[pri:0, instance:com.automationpractice.testcases.MainPageTest@5cb9f472]" name="moveOverElementShowsBuyingAndDetailsOptions" class="com.automationpractice.testcases.MainPageTest"/>
      </group> <!-- buy -->
      <group name="mainPageTests">
        <method signature="MainPageTest.moveOverElementShowsBuyingAndDetailsOptions()[pri:0, instance:com.automationpractice.testcases.MainPageTest@5cb9f472]" name="moveOverElementShowsBuyingAndDetailsOptions" class="com.automationpractice.testcases.MainPageTest"/>
      </group> <!-- mainPageTests -->
    </groups>
    <test name="MainPageTests" duration-ms="8805" started-at="2019-02-21T13:04:16Z" finished-at="2019-02-21T13:04:25Z">
      <class name="com.automationpractice.testcases.MainPageTest">
        <test-method status="PASS" signature="setupBeforeMethod(java.lang.String)[pri:0, instance:com.automationpractice.testcases.MainPageTest@5cb9f472]" name="setupBeforeMethod" is-config="true" duration-ms="6413" started-at="2019-02-21T13:04:16Z" finished-at="2019-02-21T13:04:23Z">
          <params>
            <param index="0">
              <value>
                <![CDATA[http://automationpractice.com/index.php]]>
              </value>
            </param>
          </params>
          <reporter-output>
          </reporter-output>
        </test-method> <!-- setupBeforeMethod -->
        <test-method status="PASS" signature="moveOverElementShowsBuyingAndDetailsOptions()[pri:0, instance:com.automationpractice.testcases.MainPageTest@5cb9f472]" name="moveOverElementShowsBuyingAndDetailsOptions" duration-ms="680" started-at="2019-02-21T13:04:23Z" finished-at="2019-02-21T13:04:23Z">
          <reporter-output>
          </reporter-output>
        </test-method> <!-- moveOverElementShowsBuyingAndDetailsOptions -->
        <test-method status="PASS" signature="tearDown()[pri:0, instance:com.automationpractice.testcases.MainPageTest@5cb9f472]" name="tearDown" is-config="true" duration-ms="1566" started-at="2019-02-21T13:04:23Z" finished-at="2019-02-21T13:04:25Z">
          <reporter-output>
          </reporter-output>
        </test-method> <!-- tearDown -->
      </class> <!-- com.automationpractice.testcases.MainPageTest -->
    </test> <!-- MainPageTests -->
    <test name="LoginAndCreateAnAccountPageTests" duration-ms="0" started-at="2019-02-21T13:04:25Z" finished-at="2019-02-21T13:04:25Z">
    </test> <!-- LoginAndCreateAnAccountPageTests -->
  </suite> <!-- Suite -->
</testng-results>
