<?xml version="1.0" encoding="UTF-8"?>
<testng-results skipped="0" failed="0" ignored="7" total="9" passed="2">
  <reporter-output>
  </reporter-output>
  <suite name="Suite" duration-ms="39210" started-at="2019-03-10T14:42:57Z" finished-at="2019-03-10T14:43:36Z">
    <groups>
      <group name="buy">
        <method signature="MainPageTest.moveOverElementShowsBuyingAndDetailsOptionsTest()[pri:0, instance:com.automationpractice.testcases.MainPageTest@5cb9f472]" name="moveOverElementShowsBuyingAndDetailsOptionsTest" class="com.automationpractice.testcases.MainPageTest"/>
        <method signature="MainPageTest.orderedSuccesfullyPayByBankWire(java.lang.String, java.lang.String)[pri:0, instance:com.automationpractice.testcases.MainPageTest@5cb9f472]" name="orderedSuccesfullyPayByBankWire" class="com.automationpractice.testcases.MainPageTest"/>
      </group> <!-- buy -->
      <group name="mainPageTests">
        <method signature="MainPageTest.moveOverElementShowsBuyingAndDetailsOptionsTest()[pri:0, instance:com.automationpractice.testcases.MainPageTest@5cb9f472]" name="moveOverElementShowsBuyingAndDetailsOptionsTest" class="com.automationpractice.testcases.MainPageTest"/>
        <method signature="MainPageTest.orderedSuccesfullyPayByBankWire(java.lang.String, java.lang.String)[pri:0, instance:com.automationpractice.testcases.MainPageTest@5cb9f472]" name="orderedSuccesfullyPayByBankWire" class="com.automationpractice.testcases.MainPageTest"/>
      </group> <!-- mainPageTests -->
    </groups>
    <test name="MainPageTests" duration-ms="38960" started-at="2019-03-10T14:42:57Z" finished-at="2019-03-10T14:43:36Z">
      <class name="com.automationpractice.testcases.MainPageTest">
        <test-method status="PASS" signature="setupBeforeMethod(java.lang.String)[pri:0, instance:com.automationpractice.testcases.MainPageTest@5cb9f472]" name="setupBeforeMethod" is-config="true" duration-ms="9587" started-at="2019-03-10T14:42:57Z" finished-at="2019-03-10T14:43:07Z">
          <params>
            <param index="0">
              <value>
                <![CDATA[http://automationpractice.com/index.php]]>
              </value>
            </param>
          </params>
          <reporter-output>
          </reporter-output>
        </test-method> <!-- setupBeforeMethod -->
        <test-method status="PASS" signature="moveOverElementShowsBuyingAndDetailsOptionsTest()[pri:0, instance:com.automationpractice.testcases.MainPageTest@5cb9f472]" name="moveOverElementShowsBuyingAndDetailsOptionsTest" duration-ms="579" started-at="2019-03-10T14:43:07Z" finished-at="2019-03-10T14:43:08Z">
          <reporter-output>
          </reporter-output>
        </test-method> <!-- moveOverElementShowsBuyingAndDetailsOptionsTest -->
        <test-method status="PASS" signature="tearDown()[pri:0, instance:com.automationpractice.testcases.MainPageTest@5cb9f472]" name="tearDown" is-config="true" duration-ms="641" started-at="2019-03-10T14:43:08Z" finished-at="2019-03-10T14:43:08Z">
          <reporter-output>
          </reporter-output>
        </test-method> <!-- tearDown -->
        <test-method status="PASS" signature="setupBeforeMethod(java.lang.String)[pri:0, instance:com.automationpractice.testcases.MainPageTest@5cb9f472]" name="setupBeforeMethod" is-config="true" duration-ms="10529" started-at="2019-03-10T14:43:09Z" finished-at="2019-03-10T14:43:19Z">
          <params>
            <param index="0">
              <value>
                <![CDATA[http://automationpractice.com/index.php]]>
              </value>
            </param>
          </params>
          <reporter-output>
          </reporter-output>
        </test-method> <!-- setupBeforeMethod -->
        <test-method status="PASS" signature="orderedSuccesfullyPayByBankWire(java.lang.String, java.lang.String)[pri:0, instance:com.automationpractice.testcases.MainPageTest@5cb9f472]" name="orderedSuccesfullyPayByBankWire" duration-ms="16299" started-at="2019-03-10T14:43:19Z" data-provider="Excel-DataProvider" depends-on-methods="com.automationpractice.testcases.MainPageTest.moveOverElementShowsBuyingAndDetailsOptionsTest" finished-at="2019-03-10T14:43:35Z">
          <params>
            <param index="0">
              <value>
                <![CDATA[jan@o2.pl]]>
              </value>
            </param>
            <param index="1">
              <value>
                <![CDATA[haslo]]>
              </value>
            </param>
          </params>
          <reporter-output>
          </reporter-output>
        </test-method> <!-- orderedSuccesfullyPayByBankWire -->
        <test-method status="PASS" signature="tearDown()[pri:0, instance:com.automationpractice.testcases.MainPageTest@5cb9f472]" name="tearDown" is-config="true" duration-ms="651" started-at="2019-03-10T14:43:35Z" finished-at="2019-03-10T14:43:36Z">
          <reporter-output>
          </reporter-output>
        </test-method> <!-- tearDown -->
      </class> <!-- com.automationpractice.testcases.MainPageTest -->
    </test> <!-- MainPageTests -->
    <test name="LoginAndCreateAnAccountPageTests" duration-ms="10" started-at="2019-03-10T14:43:36Z" finished-at="2019-03-10T14:43:36Z">
    </test> <!-- LoginAndCreateAnAccountPageTests -->
  </suite> <!-- Suite -->
</testng-results>
