<?xml version="1.0" encoding="UTF-8"?>
<testng-results skipped="0" failed="0" ignored="4" total="10" passed="6">
  <reporter-output>
  </reporter-output>
  <suite name="Suite" duration-ms="55236" started-at="2019-02-21T09:38:38Z" finished-at="2019-02-21T09:39:33Z">
    <groups>
      <group name="loginAndCreateAnAccountPageTests">
        <method signature="LoginAndCreateAnAccountPageTest.enterCorrectLoginAndPasswordTest(java.lang.String, java.lang.String)[pri:0, instance:com.automationpractice.testcases.LoginAndCreateAnAccountPageTest@66480dd7]" name="enterCorrectLoginAndPasswordTest" class="com.automationpractice.testcases.LoginAndCreateAnAccountPageTest"/>
        <method signature="LoginAndCreateAnAccountPageTest.enterIncorrectLoginData(java.lang.String, java.lang.String)[pri:0, instance:com.automationpractice.testcases.LoginAndCreateAnAccountPageTest@66480dd7]" name="enterIncorrectLoginData" class="com.automationpractice.testcases.LoginAndCreateAnAccountPageTest"/>
      </group> <!-- loginAndCreateAnAccountPageTests -->
      <group name="logIn">
        <method signature="MainPageTest.onPressLogInButtonMoveToLoginSiteTest()[pri:0, instance:com.automationpractice.testcases.MainPageTest@5cb9f472]" name="onPressLogInButtonMoveToLoginSiteTest" class="com.automationpractice.testcases.MainPageTest"/>
        <method signature="LoginAndCreateAnAccountPageTest.enterCorrectLoginAndPasswordTest(java.lang.String, java.lang.String)[pri:0, instance:com.automationpractice.testcases.LoginAndCreateAnAccountPageTest@66480dd7]" name="enterCorrectLoginAndPasswordTest" class="com.automationpractice.testcases.LoginAndCreateAnAccountPageTest"/>
        <method signature="LoginAndCreateAnAccountPageTest.enterIncorrectLoginData(java.lang.String, java.lang.String)[pri:0, instance:com.automationpractice.testcases.LoginAndCreateAnAccountPageTest@66480dd7]" name="enterIncorrectLoginData" class="com.automationpractice.testcases.LoginAndCreateAnAccountPageTest"/>
      </group> <!-- logIn -->
      <group name="mainPageTests">
        <method signature="MainPageTest.onPressLogInButtonMoveToLoginSiteTest()[pri:0, instance:com.automationpractice.testcases.MainPageTest@5cb9f472]" name="onPressLogInButtonMoveToLoginSiteTest" class="com.automationpractice.testcases.MainPageTest"/>
      </group> <!-- mainPageTests -->
    </groups>
    <test name="MainPageTests" duration-ms="10160" started-at="2019-02-21T09:38:38Z" finished-at="2019-02-21T09:38:48Z">
      <class name="com.automationpractice.testcases.MainPageTest">
        <test-method status="PASS" signature="setupBeforeMethod(java.lang.String)[pri:0, instance:com.automationpractice.testcases.MainPageTest@5cb9f472]" name="setupBeforeMethod" is-config="true" duration-ms="7202" started-at="2019-02-21T09:38:38Z" finished-at="2019-02-21T09:38:46Z">
          <params>
            <param index="0">
              <value>
                <![CDATA[http://automationpractice.com/index.php]]>
              </value>
            </param>
          </params>
          <reporter-output>
          </reporter-output>
        </test-method> <!-- setupBeforeMethod -->
        <test-method status="PASS" signature="onPressLogInButtonMoveToLoginSiteTest()[pri:0, instance:com.automationpractice.testcases.MainPageTest@5cb9f472]" name="onPressLogInButtonMoveToLoginSiteTest" duration-ms="1201" started-at="2019-02-21T09:38:46Z" finished-at="2019-02-21T09:38:47Z">
          <reporter-output>
          </reporter-output>
        </test-method> <!-- onPressLogInButtonMoveToLoginSiteTest -->
        <test-method status="PASS" signature="tearDown()[pri:0, instance:com.automationpractice.testcases.MainPageTest@5cb9f472]" name="tearDown" is-config="true" duration-ms="1575" started-at="2019-02-21T09:38:47Z" finished-at="2019-02-21T09:38:48Z">
          <reporter-output>
          </reporter-output>
        </test-method> <!-- tearDown -->
      </class> <!-- com.automationpractice.testcases.MainPageTest -->
    </test> <!-- MainPageTests -->
    <test name="LoginAndCreateAnAccountPageTests" duration-ms="44846" started-at="2019-02-21T09:38:49Z" finished-at="2019-02-21T09:39:33Z">
      <class name="com.automationpractice.testcases.LoginAndCreateAnAccountPageTest">
        <test-method status="PASS" signature="setupBeforeMethod(java.lang.String)[pri:0, instance:com.automationpractice.testcases.LoginAndCreateAnAccountPageTest@66480dd7]" name="setupBeforeMethod" is-config="true" duration-ms="6651" started-at="2019-02-21T09:38:49Z" finished-at="2019-02-21T09:38:56Z">
          <params>
            <param index="0">
              <value>
                <![CDATA[http://automationpractice.com/index.php?controller=authentication&back=my-account]]>
              </value>
            </param>
          </params>
          <reporter-output>
          </reporter-output>
        </test-method> <!-- setupBeforeMethod -->
        <test-method status="PASS" signature="enterCorrectLoginAndPasswordTest(java.lang.String, java.lang.String)[pri:0, instance:com.automationpractice.testcases.LoginAndCreateAnAccountPageTest@66480dd7]" name="enterCorrectLoginAndPasswordTest" duration-ms="1531" started-at="2019-02-21T09:38:56Z" data-provider="Excel-DataProvider" finished-at="2019-02-21T09:38:57Z">
          <params>
            <param index="0">
              <value>
                <![CDATA[jan@o2.pl]]>
              </value>
            </param>
            <param index="1">
              <value>
                <![CDATA[haslo]]>
              </value>
            </param>
          </params>
          <reporter-output>
          </reporter-output>
        </test-method> <!-- enterCorrectLoginAndPasswordTest -->
        <test-method status="PASS" signature="tearDown()[pri:0, instance:com.automationpractice.testcases.LoginAndCreateAnAccountPageTest@66480dd7]" name="tearDown" is-config="true" duration-ms="1519" started-at="2019-02-21T09:38:57Z" finished-at="2019-02-21T09:38:59Z">
          <reporter-output>
          </reporter-output>
        </test-method> <!-- tearDown -->
        <test-method status="PASS" signature="setupBeforeMethod(java.lang.String)[pri:0, instance:com.automationpractice.testcases.LoginAndCreateAnAccountPageTest@66480dd7]" name="setupBeforeMethod" is-config="true" duration-ms="6217" started-at="2019-02-21T09:38:59Z" finished-at="2019-02-21T09:39:05Z">
          <params>
            <param index="0">
              <value>
                <![CDATA[http://automationpractice.com/index.php?controller=authentication&back=my-account]]>
              </value>
            </param>
          </params>
          <reporter-output>
          </reporter-output>
        </test-method> <!-- setupBeforeMethod -->
        <test-method status="PASS" signature="enterIncorrectLoginData(java.lang.String, java.lang.String)[pri:0, instance:com.automationpractice.testcases.LoginAndCreateAnAccountPageTest@66480dd7]" name="enterIncorrectLoginData" duration-ms="843" started-at="2019-02-21T09:39:05Z" data-provider="Excel-DataProvider" finished-at="2019-02-21T09:39:06Z">
          <params>
            <param index="0">
              <value>
                <![CDATA[jann@o2.pl]]>
              </value>
            </param>
            <param index="1">
              <value>
                <![CDATA[haslo1]]>
              </value>
            </param>
          </params>
          <reporter-output>
          </reporter-output>
        </test-method> <!-- enterIncorrectLoginData -->
        <test-method status="PASS" signature="tearDown()[pri:0, instance:com.automationpractice.testcases.LoginAndCreateAnAccountPageTest@66480dd7]" name="tearDown" is-config="true" duration-ms="1500" started-at="2019-02-21T09:39:06Z" finished-at="2019-02-21T09:39:07Z">
          <reporter-output>
          </reporter-output>
        </test-method> <!-- tearDown -->
        <test-method status="PASS" signature="setupBeforeMethod(java.lang.String)[pri:0, instance:com.automationpractice.testcases.LoginAndCreateAnAccountPageTest@66480dd7]" name="setupBeforeMethod" is-config="true" duration-ms="6160" started-at="2019-02-21T09:39:07Z" finished-at="2019-02-21T09:39:14Z">
          <params>
            <param index="0">
              <value>
                <![CDATA[http://automationpractice.com/index.php?controller=authentication&back=my-account]]>
              </value>
            </param>
          </params>
          <reporter-output>
          </reporter-output>
        </test-method> <!-- setupBeforeMethod -->
        <test-method status="PASS" signature="enterIncorrectLoginData(java.lang.String, java.lang.String)[pri:0, instance:com.automationpractice.testcases.LoginAndCreateAnAccountPageTest@66480dd7]" name="enterIncorrectLoginData" duration-ms="1390" started-at="2019-02-21T09:39:14Z" data-provider="Excel-DataProvider" finished-at="2019-02-21T09:39:15Z">
          <params>
            <param index="0">
              <value>
                <![CDATA[jan]]>
              </value>
            </param>
            <param index="1">
              <value>
                <![CDATA[haslo1]]>
              </value>
            </param>
          </params>
          <reporter-output>
          </reporter-output>
        </test-method> <!-- enterIncorrectLoginData -->
        <test-method status="PASS" signature="tearDown()[pri:0, instance:com.automationpractice.testcases.LoginAndCreateAnAccountPageTest@66480dd7]" name="tearDown" is-config="true" duration-ms="1533" started-at="2019-02-21T09:39:15Z" finished-at="2019-02-21T09:39:16Z">
          <reporter-output>
          </reporter-output>
        </test-method> <!-- tearDown -->
        <test-method status="PASS" signature="setupBeforeMethod(java.lang.String)[pri:0, instance:com.automationpractice.testcases.LoginAndCreateAnAccountPageTest@66480dd7]" name="setupBeforeMethod" is-config="true" duration-ms="5612" started-at="2019-02-21T09:39:16Z" finished-at="2019-02-21T09:39:22Z">
          <params>
            <param index="0">
              <value>
                <![CDATA[http://automationpractice.com/index.php?controller=authentication&back=my-account]]>
              </value>
            </param>
          </params>
          <reporter-output>
          </reporter-output>
        </test-method> <!-- setupBeforeMethod -->
        <test-method status="PASS" signature="enterIncorrectLoginData(java.lang.String, java.lang.String)[pri:0, instance:com.automationpractice.testcases.LoginAndCreateAnAccountPageTest@66480dd7]" name="enterIncorrectLoginData" duration-ms="927" started-at="2019-02-21T09:39:22Z" data-provider="Excel-DataProvider" finished-at="2019-02-21T09:39:23Z">
          <params>
            <param index="0">
              <value>
                <![CDATA[jan@o2.pl]]>
              </value>
            </param>
            <param index="1">
              <value>
                <![CDATA[haslo1]]>
              </value>
            </param>
          </params>
          <reporter-output>
          </reporter-output>
        </test-method> <!-- enterIncorrectLoginData -->
        <test-method status="PASS" signature="tearDown()[pri:0, instance:com.automationpractice.testcases.LoginAndCreateAnAccountPageTest@66480dd7]" name="tearDown" is-config="true" duration-ms="1488" started-at="2019-02-21T09:39:23Z" finished-at="2019-02-21T09:39:24Z">
          <reporter-output>
          </reporter-output>
        </test-method> <!-- tearDown -->
        <test-method status="PASS" signature="setupBeforeMethod(java.lang.String)[pri:0, instance:com.automationpractice.testcases.LoginAndCreateAnAccountPageTest@66480dd7]" name="setupBeforeMethod" is-config="true" duration-ms="6302" started-at="2019-02-21T09:39:24Z" finished-at="2019-02-21T09:39:31Z">
          <params>
            <param index="0">
              <value>
                <![CDATA[http://automationpractice.com/index.php?controller=authentication&back=my-account]]>
              </value>
            </param>
          </params>
          <reporter-output>
          </reporter-output>
        </test-method> <!-- setupBeforeMethod -->
        <test-method status="PASS" signature="enterIncorrectLoginData(java.lang.String, java.lang.String)[pri:0, instance:com.automationpractice.testcases.LoginAndCreateAnAccountPageTest@66480dd7]" name="enterIncorrectLoginData" duration-ms="1152" started-at="2019-02-21T09:39:31Z" data-provider="Excel-DataProvider" finished-at="2019-02-21T09:39:32Z">
          <params>
            <param index="0">
              <value>
                <![CDATA[jann@o2.pl]]>
              </value>
            </param>
            <param index="1">
              <value>
                <![CDATA[haslo]]>
              </value>
            </param>
          </params>
          <reporter-output>
          </reporter-output>
        </test-method> <!-- enterIncorrectLoginData -->
        <test-method status="PASS" signature="tearDown()[pri:0, instance:com.automationpractice.testcases.LoginAndCreateAnAccountPageTest@66480dd7]" name="tearDown" is-config="true" duration-ms="1494" started-at="2019-02-21T09:39:32Z" finished-at="2019-02-21T09:39:33Z">
          <reporter-output>
          </reporter-output>
        </test-method> <!-- tearDown -->
      </class> <!-- com.automationpractice.testcases.LoginAndCreateAnAccountPageTest -->
    </test> <!-- LoginAndCreateAnAccountPageTests -->
  </suite> <!-- Suite -->
</testng-results>
