<?xml version="1.0" encoding="UTF-8"?>
<testng-results skipped="0" failed="0" ignored="0" total="11" passed="11">
  <reporter-output>
  </reporter-output>
  <suite name="Default suite" duration-ms="210126" started-at="2019-02-12T13:57:36Z" finished-at="2019-02-12T14:01:06Z">
    <groups>
    </groups>
    <test name="Default test" duration-ms="210126" started-at="2019-02-12T13:57:36Z" finished-at="2019-02-12T14:01:06Z">
      <class name="com.automationpractice.testcases.LoginAndCreateAnAccountPageTest">
        <test-method status="PASS" signature="initialDriverInstance()[pri:0, instance:com.automationpractice.testcases.LoginAndCreateAnAccountPageTest@5442a311]" name="initialDriverInstance" is-config="true" duration-ms="8843" started-at="2019-02-12T13:57:36Z" finished-at="2019-02-12T13:57:45Z">
          <reporter-output>
          </reporter-output>
        </test-method> <!-- initialDriverInstance -->
        <test-method status="PASS" signature="createAnAccount_enterCorrectEmailTest(java.lang.String)[pri:0, instance:com.automationpractice.testcases.LoginAndCreateAnAccountPageTest@5442a311]" name="createAnAccount_enterCorrectEmailTest" duration-ms="5217" started-at="2019-02-12T13:57:45Z" data-provider="Excel-DataProvider" finished-at="2019-02-12T13:57:50Z">
          <params>
            <param index="0">
              <value>
                <![CDATA[automationtesting65@gmail.com]]>
              </value>
            </param>
          </params>
          <reporter-output>
          </reporter-output>
        </test-method> <!-- createAnAccount_enterCorrectEmailTest -->
        <test-method status="PASS" signature="closeDriverInstance()[pri:0, instance:com.automationpractice.testcases.LoginAndCreateAnAccountPageTest@5442a311]" name="closeDriverInstance" is-config="true" duration-ms="1381" started-at="2019-02-12T13:57:50Z" finished-at="2019-02-12T13:57:52Z">
          <reporter-output>
          </reporter-output>
        </test-method> <!-- closeDriverInstance -->
        <test-method status="PASS" signature="initialDriverInstance()[pri:0, instance:com.automationpractice.testcases.LoginAndCreateAnAccountPageTest@5442a311]" name="initialDriverInstance" is-config="true" duration-ms="8452" started-at="2019-02-12T13:57:52Z" finished-at="2019-02-12T13:58:00Z">
          <reporter-output>
          </reporter-output>
        </test-method> <!-- initialDriverInstance -->
        <test-method status="PASS" signature="createAnAccount_enterCorrectEmailTest(java.lang.String)[pri:0, instance:com.automationpractice.testcases.LoginAndCreateAnAccountPageTest@5442a311]" name="createAnAccount_enterCorrectEmailTest" duration-ms="4854" started-at="2019-02-12T13:58:00Z" data-provider="Excel-DataProvider" finished-at="2019-02-12T13:58:05Z">
          <params>
            <param index="0">
              <value>
                <![CDATA[automationtesting65@o2.pl]]>
              </value>
            </param>
          </params>
          <reporter-output>
          </reporter-output>
        </test-method> <!-- createAnAccount_enterCorrectEmailTest -->
        <test-method status="PASS" signature="closeDriverInstance()[pri:0, instance:com.automationpractice.testcases.LoginAndCreateAnAccountPageTest@5442a311]" name="closeDriverInstance" is-config="true" duration-ms="1402" started-at="2019-02-12T13:58:05Z" finished-at="2019-02-12T13:58:06Z">
          <reporter-output>
          </reporter-output>
        </test-method> <!-- closeDriverInstance -->
        <test-method status="PASS" signature="initialDriverInstance()[pri:0, instance:com.automationpractice.testcases.LoginAndCreateAnAccountPageTest@5442a311]" name="initialDriverInstance" is-config="true" duration-ms="8602" started-at="2019-02-12T13:58:06Z" finished-at="2019-02-12T13:58:15Z">
          <reporter-output>
          </reporter-output>
        </test-method> <!-- initialDriverInstance -->
        <test-method status="PASS" signature="createAnAccount_enterCorrectEmailTest(java.lang.String)[pri:0, instance:com.automationpractice.testcases.LoginAndCreateAnAccountPageTest@5442a311]" name="createAnAccount_enterCorrectEmailTest" duration-ms="5077" started-at="2019-02-12T13:58:15Z" data-provider="Excel-DataProvider" finished-at="2019-02-12T13:58:20Z">
          <params>
            <param index="0">
              <value>
                <![CDATA[automationtesting@onet.pl]]>
              </value>
            </param>
          </params>
          <reporter-output>
          </reporter-output>
        </test-method> <!-- createAnAccount_enterCorrectEmailTest -->
        <test-method status="PASS" signature="closeDriverInstance()[pri:0, instance:com.automationpractice.testcases.LoginAndCreateAnAccountPageTest@5442a311]" name="closeDriverInstance" is-config="true" duration-ms="1521" started-at="2019-02-12T13:58:20Z" finished-at="2019-02-12T13:58:22Z">
          <reporter-output>
          </reporter-output>
        </test-method> <!-- closeDriverInstance -->
        <test-method status="PASS" signature="initialDriverInstance()[pri:0, instance:com.automationpractice.testcases.LoginAndCreateAnAccountPageTest@5442a311]" name="initialDriverInstance" is-config="true" duration-ms="8562" started-at="2019-02-12T13:58:22Z" finished-at="2019-02-12T13:58:30Z">
          <reporter-output>
          </reporter-output>
        </test-method> <!-- initialDriverInstance -->
        <test-method status="PASS" signature="createAnAccount_enterIncorrectEmailTest(java.lang.String)[pri:0, instance:com.automationpractice.testcases.LoginAndCreateAnAccountPageTest@5442a311]" name="createAnAccount_enterIncorrectEmailTest" duration-ms="10377" started-at="2019-02-12T13:58:30Z" data-provider="Excel-DataProvider" finished-at="2019-02-12T13:58:41Z">
          <params>
            <param index="0">
              <value>
                <![CDATA[automationtesting65gmail.com ]]>
              </value>
            </param>
          </params>
          <reporter-output>
          </reporter-output>
        </test-method> <!-- createAnAccount_enterIncorrectEmailTest -->
        <test-method status="PASS" signature="closeDriverInstance()[pri:0, instance:com.automationpractice.testcases.LoginAndCreateAnAccountPageTest@5442a311]" name="closeDriverInstance" is-config="true" duration-ms="1390" started-at="2019-02-12T13:58:41Z" finished-at="2019-02-12T13:58:42Z">
          <reporter-output>
          </reporter-output>
        </test-method> <!-- closeDriverInstance -->
        <test-method status="PASS" signature="initialDriverInstance()[pri:0, instance:com.automationpractice.testcases.LoginAndCreateAnAccountPageTest@5442a311]" name="initialDriverInstance" is-config="true" duration-ms="8283" started-at="2019-02-12T13:58:42Z" finished-at="2019-02-12T13:58:50Z">
          <reporter-output>
          </reporter-output>
        </test-method> <!-- initialDriverInstance -->
        <test-method status="PASS" signature="createAnAccount_enterIncorrectEmailTest(java.lang.String)[pri:0, instance:com.automationpractice.testcases.LoginAndCreateAnAccountPageTest@5442a311]" name="createAnAccount_enterIncorrectEmailTest" duration-ms="10343" started-at="2019-02-12T13:58:50Z" data-provider="Excel-DataProvider" finished-at="2019-02-12T13:59:01Z">
          <params>
            <param index="0">
              <value>
                <![CDATA[@gmail.com ]]>
              </value>
            </param>
          </params>
          <reporter-output>
          </reporter-output>
        </test-method> <!-- createAnAccount_enterIncorrectEmailTest -->
        <test-method status="PASS" signature="closeDriverInstance()[pri:0, instance:com.automationpractice.testcases.LoginAndCreateAnAccountPageTest@5442a311]" name="closeDriverInstance" is-config="true" duration-ms="1632" started-at="2019-02-12T13:59:01Z" finished-at="2019-02-12T13:59:02Z">
          <reporter-output>
          </reporter-output>
        </test-method> <!-- closeDriverInstance -->
        <test-method status="PASS" signature="initialDriverInstance()[pri:0, instance:com.automationpractice.testcases.LoginAndCreateAnAccountPageTest@5442a311]" name="initialDriverInstance" is-config="true" duration-ms="8493" started-at="2019-02-12T13:59:02Z" finished-at="2019-02-12T13:59:11Z">
          <reporter-output>
          </reporter-output>
        </test-method> <!-- initialDriverInstance -->
        <test-method status="PASS" signature="createAnAccount_enterIncorrectEmailTest(java.lang.String)[pri:0, instance:com.automationpractice.testcases.LoginAndCreateAnAccountPageTest@5442a311]" name="createAnAccount_enterIncorrectEmailTest" duration-ms="10332" started-at="2019-02-12T13:59:11Z" data-provider="Excel-DataProvider" finished-at="2019-02-12T13:59:21Z">
          <params>
            <param index="0">
              <value>
                <![CDATA[automationtesting65@]]>
              </value>
            </param>
          </params>
          <reporter-output>
          </reporter-output>
        </test-method> <!-- createAnAccount_enterIncorrectEmailTest -->
        <test-method status="PASS" signature="closeDriverInstance()[pri:0, instance:com.automationpractice.testcases.LoginAndCreateAnAccountPageTest@5442a311]" name="closeDriverInstance" is-config="true" duration-ms="1573" started-at="2019-02-12T13:59:21Z" finished-at="2019-02-12T13:59:23Z">
          <reporter-output>
          </reporter-output>
        </test-method> <!-- closeDriverInstance -->
        <test-method status="PASS" signature="initialDriverInstance()[pri:0, instance:com.automationpractice.testcases.LoginAndCreateAnAccountPageTest@5442a311]" name="initialDriverInstance" is-config="true" duration-ms="9587" started-at="2019-02-12T13:59:23Z" finished-at="2019-02-12T13:59:32Z">
          <reporter-output>
          </reporter-output>
        </test-method> <!-- initialDriverInstance -->
        <test-method status="PASS" signature="createAnAccount_enterIncorrectEmailTest(java.lang.String)[pri:0, instance:com.automationpractice.testcases.LoginAndCreateAnAccountPageTest@5442a311]" name="createAnAccount_enterIncorrectEmailTest" duration-ms="10390" started-at="2019-02-12T13:59:32Z" data-provider="Excel-DataProvider" finished-at="2019-02-12T13:59:43Z">
          <params>
            <param index="0">
              <value>
                <![CDATA[automationtesting65]]>
              </value>
            </param>
          </params>
          <reporter-output>
          </reporter-output>
        </test-method> <!-- createAnAccount_enterIncorrectEmailTest -->
        <test-method status="PASS" signature="closeDriverInstance()[pri:0, instance:com.automationpractice.testcases.LoginAndCreateAnAccountPageTest@5442a311]" name="closeDriverInstance" is-config="true" duration-ms="1542" started-at="2019-02-12T13:59:43Z" finished-at="2019-02-12T13:59:44Z">
          <reporter-output>
          </reporter-output>
        </test-method> <!-- closeDriverInstance -->
        <test-method status="PASS" signature="initialDriverInstance()[pri:0, instance:com.automationpractice.testcases.LoginAndCreateAnAccountPageTest@5442a311]" name="initialDriverInstance" is-config="true" duration-ms="8480" started-at="2019-02-12T13:59:44Z" finished-at="2019-02-12T13:59:53Z">
          <reporter-output>
          </reporter-output>
        </test-method> <!-- initialDriverInstance -->
        <test-method status="PASS" signature="createAnAccount_enterIncorrectEmailTest(java.lang.String)[pri:0, instance:com.automationpractice.testcases.LoginAndCreateAnAccountPageTest@5442a311]" name="createAnAccount_enterIncorrectEmailTest" duration-ms="10384" started-at="2019-02-12T13:59:53Z" data-provider="Excel-DataProvider" finished-at="2019-02-12T14:00:03Z">
          <params>
            <param index="0">
              <value>
                <![CDATA[automationtesting65@@gmail.com ]]>
              </value>
            </param>
          </params>
          <reporter-output>
          </reporter-output>
        </test-method> <!-- createAnAccount_enterIncorrectEmailTest -->
        <test-method status="PASS" signature="closeDriverInstance()[pri:0, instance:com.automationpractice.testcases.LoginAndCreateAnAccountPageTest@5442a311]" name="closeDriverInstance" is-config="true" duration-ms="1543" started-at="2019-02-12T14:00:03Z" finished-at="2019-02-12T14:00:05Z">
          <reporter-output>
          </reporter-output>
        </test-method> <!-- closeDriverInstance -->
        <test-method status="PASS" signature="initialDriverInstance()[pri:0, instance:com.automationpractice.testcases.LoginAndCreateAnAccountPageTest@5442a311]" name="initialDriverInstance" is-config="true" duration-ms="8991" started-at="2019-02-12T14:00:05Z" finished-at="2019-02-12T14:00:14Z">
          <reporter-output>
          </reporter-output>
        </test-method> <!-- initialDriverInstance -->
        <test-method status="PASS" signature="createAnAccount_enterIncorrectEmailTest(java.lang.String)[pri:0, instance:com.automationpractice.testcases.LoginAndCreateAnAccountPageTest@5442a311]" name="createAnAccount_enterIncorrectEmailTest" duration-ms="10353" started-at="2019-02-12T14:00:14Z" data-provider="Excel-DataProvider" finished-at="2019-02-12T14:00:24Z">
          <params>
            <param index="0">
              <value>
                <![CDATA[automationtesting65@ll .pl]]>
              </value>
            </param>
          </params>
          <reporter-output>
          </reporter-output>
        </test-method> <!-- createAnAccount_enterIncorrectEmailTest -->
        <test-method status="PASS" signature="closeDriverInstance()[pri:0, instance:com.automationpractice.testcases.LoginAndCreateAnAccountPageTest@5442a311]" name="closeDriverInstance" is-config="true" duration-ms="1532" started-at="2019-02-12T14:00:24Z" finished-at="2019-02-12T14:00:25Z">
          <reporter-output>
          </reporter-output>
        </test-method> <!-- closeDriverInstance -->
        <test-method status="PASS" signature="initialDriverInstance()[pri:0, instance:com.automationpractice.testcases.LoginAndCreateAnAccountPageTest@5442a311]" name="initialDriverInstance" is-config="true" duration-ms="9041" started-at="2019-02-12T14:00:25Z" finished-at="2019-02-12T14:00:35Z">
          <reporter-output>
          </reporter-output>
        </test-method> <!-- initialDriverInstance -->
        <test-method status="PASS" signature="createAnAccount_enterIncorrectEmailTest(java.lang.String)[pri:0, instance:com.automationpractice.testcases.LoginAndCreateAnAccountPageTest@5442a311]" name="createAnAccount_enterIncorrectEmailTest" duration-ms="10369" started-at="2019-02-12T14:00:35Z" data-provider="Excel-DataProvider" finished-at="2019-02-12T14:00:45Z">
          <params>
            <param index="0">
              <value>
                <![CDATA[Automationtes ting65@ll .pl]]>
              </value>
            </param>
          </params>
          <reporter-output>
          </reporter-output>
        </test-method> <!-- createAnAccount_enterIncorrectEmailTest -->
        <test-method status="PASS" signature="closeDriverInstance()[pri:0, instance:com.automationpractice.testcases.LoginAndCreateAnAccountPageTest@5442a311]" name="closeDriverInstance" is-config="true" duration-ms="1572" started-at="2019-02-12T14:00:45Z" finished-at="2019-02-12T14:00:46Z">
          <reporter-output>
          </reporter-output>
        </test-method> <!-- closeDriverInstance -->
        <test-method status="PASS" signature="initialDriverInstance()[pri:0, instance:com.automationpractice.testcases.LoginAndCreateAnAccountPageTest@5442a311]" name="initialDriverInstance" is-config="true" duration-ms="7620" started-at="2019-02-12T14:00:46Z" finished-at="2019-02-12T14:00:54Z">
          <reporter-output>
          </reporter-output>
        </test-method> <!-- initialDriverInstance -->
        <test-method status="PASS" signature="createAnAccount_enterIncorrectEmailTest(java.lang.String)[pri:0, instance:com.automationpractice.testcases.LoginAndCreateAnAccountPageTest@5442a311]" name="createAnAccount_enterIncorrectEmailTest" duration-ms="10344" started-at="2019-02-12T14:00:54Z" data-provider="Excel-DataProvider" finished-at="2019-02-12T14:01:04Z">
          <params>
            <param index="0">
              <value>
                <![CDATA[automationtesting6@onet..pl]]>
              </value>
            </param>
          </params>
          <reporter-output>
          </reporter-output>
        </test-method> <!-- createAnAccount_enterIncorrectEmailTest -->
        <test-method status="PASS" signature="closeDriverInstance()[pri:0, instance:com.automationpractice.testcases.LoginAndCreateAnAccountPageTest@5442a311]" name="closeDriverInstance" is-config="true" duration-ms="1572" started-at="2019-02-12T14:01:04Z" finished-at="2019-02-12T14:01:06Z">
          <reporter-output>
          </reporter-output>
        </test-method> <!-- closeDriverInstance -->
      </class> <!-- com.automationpractice.testcases.LoginAndCreateAnAccountPageTest -->
    </test> <!-- Default test -->
  </suite> <!-- Default suite -->
</testng-results>
