<?xml version="1.0" encoding="UTF-8"?>
<testng-results skipped="0" failed="0" ignored="6" total="7" passed="1">
  <reporter-output>
  </reporter-output>
  <suite name="Suite" duration-ms="10685" started-at="2019-02-20T12:55:01Z" finished-at="2019-02-20T12:55:12Z">
    <groups>
      <group name="logIn">
        <method signature="MainPageTest.onPressLogInButtonMoveToLoginSiteTest()[pri:0, instance:com.automationpractice.testcases.MainPageTest@6e06451e]" name="onPressLogInButtonMoveToLoginSiteTest" class="com.automationpractice.testcases.MainPageTest"/>
      </group> <!-- logIn -->
      <group name="mainPageTests">
        <method signature="MainPageTest.onPressLogInButtonMoveToLoginSiteTest()[pri:0, instance:com.automationpractice.testcases.MainPageTest@6e06451e]" name="onPressLogInButtonMoveToLoginSiteTest" class="com.automationpractice.testcases.MainPageTest"/>
      </group> <!-- mainPageTests -->
    </groups>
    <test name="Test" duration-ms="10685" started-at="2019-02-20T12:55:01Z" finished-at="2019-02-20T12:55:12Z">
      <class name="com.automationpractice.testcases.MainPageTest">
        <test-method status="PASS" signature="setupBeforeMethod()[pri:0, instance:com.automationpractice.testcases.MainPageTest@6e06451e]" name="setupBeforeMethod" is-config="true" duration-ms="7134" started-at="2019-02-20T12:55:01Z" finished-at="2019-02-20T12:55:08Z">
          <reporter-output>
          </reporter-output>
        </test-method> <!-- setupBeforeMethod -->
        <test-method status="PASS" signature="onPressLogInButtonMoveToLoginSiteTest()[pri:0, instance:com.automationpractice.testcases.MainPageTest@6e06451e]" name="onPressLogInButtonMoveToLoginSiteTest" duration-ms="1806" started-at="2019-02-20T12:55:08Z" finished-at="2019-02-20T12:55:10Z">
          <reporter-output>
          </reporter-output>
        </test-method> <!-- onPressLogInButtonMoveToLoginSiteTest -->
        <test-method status="PASS" signature="tearDown()[pri:0, instance:com.automationpractice.testcases.MainPageTest@6e06451e]" name="tearDown" is-config="true" duration-ms="1562" started-at="2019-02-20T12:55:10Z" finished-at="2019-02-20T12:55:12Z">
          <reporter-output>
          </reporter-output>
        </test-method> <!-- tearDown -->
      </class> <!-- com.automationpractice.testcases.MainPageTest -->
    </test> <!-- Test -->
  </suite> <!-- Suite -->
</testng-results>
