<?xml version="1.0" encoding="UTF-8"?>
<testng-results skipped="0" failed="0" ignored="7" total="9" passed="2">
  <reporter-output>
  </reporter-output>
  <suite name="Suite" duration-ms="40770" started-at="2019-03-27T20:55:11Z" finished-at="2019-03-27T20:55:51Z">
    <groups>
      <group name="buy">
        <method signature="MainPageTest.moveOverElementShowsBuyingAndDetailsOptionsTest()[pri:0, instance:com.automationpractice.testcases.MainPageTest@6e1567f1]" name="moveOverElementShowsBuyingAndDetailsOptionsTest" class="com.automationpractice.testcases.MainPageTest"/>
        <method signature="MainPageTest.orderedSuccesfullyPaidByBankWire(java.lang.String, java.lang.String)[pri:0, instance:com.automationpractice.testcases.MainPageTest@6e1567f1]" name="orderedSuccesfullyPaidByBankWire" class="com.automationpractice.testcases.MainPageTest"/>
      </group> <!-- buy -->
      <group name="mainPageTests">
        <method signature="MainPageTest.moveOverElementShowsBuyingAndDetailsOptionsTest()[pri:0, instance:com.automationpractice.testcases.MainPageTest@6e1567f1]" name="moveOverElementShowsBuyingAndDetailsOptionsTest" class="com.automationpractice.testcases.MainPageTest"/>
        <method signature="MainPageTest.orderedSuccesfullyPaidByBankWire(java.lang.String, java.lang.String)[pri:0, instance:com.automationpractice.testcases.MainPageTest@6e1567f1]" name="orderedSuccesfullyPaidByBankWire" class="com.automationpractice.testcases.MainPageTest"/>
      </group> <!-- mainPageTests -->
    </groups>
    <test name="MainPageTests" duration-ms="40548" started-at="2019-03-27T20:55:11Z" finished-at="2019-03-27T20:55:51Z">
      <class name="com.automationpractice.testcases.MainPageTest">
        <test-method status="PASS" signature="setupBeforeMethod(java.lang.String)[pri:0, instance:com.automationpractice.testcases.MainPageTest@6e1567f1]" name="setupBeforeMethod" is-config="true" duration-ms="8970" started-at="2019-03-27T20:55:11Z" finished-at="2019-03-27T20:55:20Z">
          <params>
            <param index="0">
              <value>
                <![CDATA[http://automationpractice.com/index.php]]>
              </value>
            </param>
          </params>
          <reporter-output>
          </reporter-output>
        </test-method> <!-- setupBeforeMethod -->
        <test-method status="PASS" signature="moveOverElementShowsBuyingAndDetailsOptionsTest()[pri:0, instance:com.automationpractice.testcases.MainPageTest@6e1567f1]" name="moveOverElementShowsBuyingAndDetailsOptionsTest" duration-ms="737" started-at="2019-03-27T20:55:20Z" finished-at="2019-03-27T20:55:20Z">
          <reporter-output>
          </reporter-output>
        </test-method> <!-- moveOverElementShowsBuyingAndDetailsOptionsTest -->
        <test-method status="PASS" signature="tearDown()[pri:0, instance:com.automationpractice.testcases.MainPageTest@6e1567f1]" name="tearDown" is-config="true" duration-ms="1547" started-at="2019-03-27T20:55:20Z" finished-at="2019-03-27T20:55:22Z">
          <reporter-output>
          </reporter-output>
        </test-method> <!-- tearDown -->
        <test-method status="PASS" signature="setupBeforeMethod(java.lang.String)[pri:0, instance:com.automationpractice.testcases.MainPageTest@6e1567f1]" name="setupBeforeMethod" is-config="true" duration-ms="7003" started-at="2019-03-27T20:55:22Z" finished-at="2019-03-27T20:55:29Z">
          <params>
            <param index="0">
              <value>
                <![CDATA[http://automationpractice.com/index.php]]>
              </value>
            </param>
          </params>
          <reporter-output>
          </reporter-output>
        </test-method> <!-- setupBeforeMethod -->
        <test-method status="PASS" signature="orderedSuccesfullyPaidByBankWire(java.lang.String, java.lang.String)[pri:0, instance:com.automationpractice.testcases.MainPageTest@6e1567f1]" name="orderedSuccesfullyPaidByBankWire" duration-ms="19919" started-at="2019-03-27T20:55:29Z" data-provider="Excel-DataProvider" depends-on-methods="com.automationpractice.testcases.MainPageTest.moveOverElementShowsBuyingAndDetailsOptionsTest" finished-at="2019-03-27T20:55:49Z">
          <params>
            <param index="0">
              <value>
                <![CDATA[jan@o2.pl]]>
              </value>
            </param>
            <param index="1">
              <value>
                <![CDATA[haslo]]>
              </value>
            </param>
          </params>
          <reporter-output>
          </reporter-output>
        </test-method> <!-- orderedSuccesfullyPaidByBankWire -->
        <test-method status="PASS" signature="tearDown()[pri:0, instance:com.automationpractice.testcases.MainPageTest@6e1567f1]" name="tearDown" is-config="true" duration-ms="1667" started-at="2019-03-27T20:55:49Z" finished-at="2019-03-27T20:55:51Z">
          <reporter-output>
          </reporter-output>
        </test-method> <!-- tearDown -->
      </class> <!-- com.automationpractice.testcases.MainPageTest -->
    </test> <!-- MainPageTests -->
    <test name="LoginAndCreateAnAccountPageTests" duration-ms="1" started-at="2019-03-27T20:55:51Z" finished-at="2019-03-27T20:55:51Z">
      <class name="com.automationpractice.testcases.LoginAndCreateAnAccountPageTest">
        <test-method status="PASS" signature="setupBeforeSuite()[pri:0, instance:com.automationpractice.testcases.LoginAndCreateAnAccountPageTest@5ce81285]" name="setupBeforeSuite" is-config="true" duration-ms="9" started-at="2019-03-27T20:55:11Z" finished-at="2019-03-27T20:55:11Z">
          <reporter-output>
          </reporter-output>
        </test-method> <!-- setupBeforeSuite -->
      </class> <!-- com.automationpractice.testcases.LoginAndCreateAnAccountPageTest -->
    </test> <!-- LoginAndCreateAnAccountPageTests -->
  </suite> <!-- Suite -->
</testng-results>
