<?xml version="1.0" encoding="UTF-8"?>
<testng-results skipped="0" failed="0" ignored="0" total="21" passed="21">
  <reporter-output>
  </reporter-output>
  <suite name="Suite" duration-ms="197582" started-at="2019-02-20T07:51:04Z" finished-at="2019-02-20T07:54:22Z">
    <groups>
    </groups>
    <test name="Test" duration-ms="197582" started-at="2019-02-20T07:51:04Z" finished-at="2019-02-20T07:54:22Z">
      <class name="com.automationpractice.testcases.LoginAndCreateAnAccountPageTest">
        <test-method status="PASS" signature="setupBeforeMethod()[pri:0, instance:com.automationpractice.testcases.LoginAndCreateAnAccountPageTest@5f2108b5]" name="setupBeforeMethod" is-config="true" duration-ms="8704" started-at="2019-02-20T07:51:05Z" finished-at="2019-02-20T07:51:14Z">
          <reporter-output>
          </reporter-output>
        </test-method> <!-- setupBeforeMethod -->
        <test-method status="PASS" signature="enterCorrectEmailTest(java.lang.String)[pri:0, instance:com.automationpractice.testcases.LoginAndCreateAnAccountPageTest@5f2108b5]" name="enterCorrectEmailTest" duration-ms="1550" started-at="2019-02-20T07:51:14Z" data-provider="Excel-DataProvider" finished-at="2019-02-20T07:51:15Z">
          <params>
            <param index="0">
              <value>
                <![CDATA[automationtesting65@gmail.com]]>
              </value>
            </param>
          </params>
          <reporter-output>
          </reporter-output>
        </test-method> <!-- enterCorrectEmailTest -->
        <test-method status="PASS" signature="tearDown()[pri:0, instance:com.automationpractice.testcases.LoginAndCreateAnAccountPageTest@5f2108b5]" name="tearDown" is-config="true" duration-ms="643" started-at="2019-02-20T07:51:15Z" finished-at="2019-02-20T07:51:16Z">
          <reporter-output>
          </reporter-output>
        </test-method> <!-- tearDown -->
        <test-method status="PASS" signature="setupBeforeMethod()[pri:0, instance:com.automationpractice.testcases.LoginAndCreateAnAccountPageTest@5f2108b5]" name="setupBeforeMethod" is-config="true" duration-ms="5502" started-at="2019-02-20T07:51:16Z" finished-at="2019-02-20T07:51:21Z">
          <reporter-output>
          </reporter-output>
        </test-method> <!-- setupBeforeMethod -->
        <test-method status="PASS" signature="enterCorrectEmailTest(java.lang.String)[pri:0, instance:com.automationpractice.testcases.LoginAndCreateAnAccountPageTest@5f2108b5]" name="enterCorrectEmailTest" duration-ms="1557" started-at="2019-02-20T07:51:21Z" data-provider="Excel-DataProvider" finished-at="2019-02-20T07:51:23Z">
          <params>
            <param index="0">
              <value>
                <![CDATA[Automationtesting65@o2.pl]]>
              </value>
            </param>
          </params>
          <reporter-output>
          </reporter-output>
        </test-method> <!-- enterCorrectEmailTest -->
        <test-method status="PASS" signature="tearDown()[pri:0, instance:com.automationpractice.testcases.LoginAndCreateAnAccountPageTest@5f2108b5]" name="tearDown" is-config="true" duration-ms="652" started-at="2019-02-20T07:51:23Z" finished-at="2019-02-20T07:51:24Z">
          <reporter-output>
          </reporter-output>
        </test-method> <!-- tearDown -->
        <test-method status="PASS" signature="setupBeforeMethod()[pri:0, instance:com.automationpractice.testcases.LoginAndCreateAnAccountPageTest@5f2108b5]" name="setupBeforeMethod" is-config="true" duration-ms="5897" started-at="2019-02-20T07:51:24Z" finished-at="2019-02-20T07:51:29Z">
          <reporter-output>
          </reporter-output>
        </test-method> <!-- setupBeforeMethod -->
        <test-method status="PASS" signature="enterCorrectEmailTest(java.lang.String)[pri:0, instance:com.automationpractice.testcases.LoginAndCreateAnAccountPageTest@5f2108b5]" name="enterCorrectEmailTest" duration-ms="1505" started-at="2019-02-20T07:51:29Z" data-provider="Excel-DataProvider" finished-at="2019-02-20T07:51:31Z">
          <params>
            <param index="0">
              <value>
                <![CDATA[automationtesting@onet.pl]]>
              </value>
            </param>
          </params>
          <reporter-output>
          </reporter-output>
        </test-method> <!-- enterCorrectEmailTest -->
        <test-method status="PASS" signature="tearDown()[pri:0, instance:com.automationpractice.testcases.LoginAndCreateAnAccountPageTest@5f2108b5]" name="tearDown" is-config="true" duration-ms="642" started-at="2019-02-20T07:51:31Z" finished-at="2019-02-20T07:51:32Z">
          <reporter-output>
          </reporter-output>
        </test-method> <!-- tearDown -->
        <test-method status="PASS" signature="setupBeforeMethod()[pri:0, instance:com.automationpractice.testcases.LoginAndCreateAnAccountPageTest@5f2108b5]" name="setupBeforeMethod" is-config="true" duration-ms="5978" started-at="2019-02-20T07:51:32Z" finished-at="2019-02-20T07:51:38Z">
          <reporter-output>
          </reporter-output>
        </test-method> <!-- setupBeforeMethod -->
        <test-method status="PASS" signature="enterCorrectLoginAndPasswordTest(java.lang.String, java.lang.String)[pri:0, instance:com.automationpractice.testcases.LoginAndCreateAnAccountPageTest@5f2108b5]" name="enterCorrectLoginAndPasswordTest" duration-ms="1683" started-at="2019-02-20T07:51:38Z" data-provider="Excel-DataProvider" finished-at="2019-02-20T07:51:39Z">
          <params>
            <param index="0">
              <value>
                <![CDATA[jan@o2.pl]]>
              </value>
            </param>
            <param index="1">
              <value>
                <![CDATA[haslo]]>
              </value>
            </param>
          </params>
          <reporter-output>
          </reporter-output>
        </test-method> <!-- enterCorrectLoginAndPasswordTest -->
        <test-method status="PASS" signature="tearDown()[pri:0, instance:com.automationpractice.testcases.LoginAndCreateAnAccountPageTest@5f2108b5]" name="tearDown" is-config="true" duration-ms="643" started-at="2019-02-20T07:51:39Z" finished-at="2019-02-20T07:51:40Z">
          <reporter-output>
          </reporter-output>
        </test-method> <!-- tearDown -->
        <test-method status="PASS" signature="setupBeforeMethod()[pri:0, instance:com.automationpractice.testcases.LoginAndCreateAnAccountPageTest@5f2108b5]" name="setupBeforeMethod" is-config="true" duration-ms="5806" started-at="2019-02-20T07:51:40Z" finished-at="2019-02-20T07:51:46Z">
          <reporter-output>
          </reporter-output>
        </test-method> <!-- setupBeforeMethod -->
        <test-method status="PASS" signature="enterExistingEmailTest(java.lang.String)[pri:0, instance:com.automationpractice.testcases.LoginAndCreateAnAccountPageTest@5f2108b5]" name="enterExistingEmailTest" duration-ms="3271" started-at="2019-02-20T07:51:46Z" data-provider="Excel-DataProvider" finished-at="2019-02-20T07:51:49Z">
          <params>
            <param index="0">
              <value>
                <![CDATA[jan@o2.pl]]>
              </value>
            </param>
          </params>
          <reporter-output>
          </reporter-output>
        </test-method> <!-- enterExistingEmailTest -->
        <test-method status="PASS" signature="tearDown()[pri:0, instance:com.automationpractice.testcases.LoginAndCreateAnAccountPageTest@5f2108b5]" name="tearDown" is-config="true" duration-ms="645" started-at="2019-02-20T07:51:49Z" finished-at="2019-02-20T07:51:50Z">
          <reporter-output>
          </reporter-output>
        </test-method> <!-- tearDown -->
        <test-method status="PASS" signature="setupBeforeMethod()[pri:0, instance:com.automationpractice.testcases.LoginAndCreateAnAccountPageTest@5f2108b5]" name="setupBeforeMethod" is-config="true" duration-ms="5956" started-at="2019-02-20T07:51:50Z" finished-at="2019-02-20T07:51:56Z">
          <reporter-output>
          </reporter-output>
        </test-method> <!-- setupBeforeMethod -->
        <test-method status="PASS" signature="enterIncorrectEmailTest(java.lang.String)[pri:0, instance:com.automationpractice.testcases.LoginAndCreateAnAccountPageTest@5f2108b5]" name="enterIncorrectEmailTest" duration-ms="3308" started-at="2019-02-20T07:51:56Z" data-provider="Excel-DataProvider" finished-at="2019-02-20T07:51:59Z">
          <params>
            <param index="0">
              <value>
                <![CDATA[automationtesting65gmail.com ]]>
              </value>
            </param>
          </params>
          <reporter-output>
          </reporter-output>
        </test-method> <!-- enterIncorrectEmailTest -->
        <test-method status="PASS" signature="tearDown()[pri:0, instance:com.automationpractice.testcases.LoginAndCreateAnAccountPageTest@5f2108b5]" name="tearDown" is-config="true" duration-ms="664" started-at="2019-02-20T07:51:59Z" finished-at="2019-02-20T07:52:00Z">
          <reporter-output>
          </reporter-output>
        </test-method> <!-- tearDown -->
        <test-method status="PASS" signature="setupBeforeMethod()[pri:0, instance:com.automationpractice.testcases.LoginAndCreateAnAccountPageTest@5f2108b5]" name="setupBeforeMethod" is-config="true" duration-ms="5743" started-at="2019-02-20T07:52:00Z" finished-at="2019-02-20T07:52:05Z">
          <reporter-output>
          </reporter-output>
        </test-method> <!-- setupBeforeMethod -->
        <test-method status="PASS" signature="enterIncorrectEmailTest(java.lang.String)[pri:0, instance:com.automationpractice.testcases.LoginAndCreateAnAccountPageTest@5f2108b5]" name="enterIncorrectEmailTest" duration-ms="3313" started-at="2019-02-20T07:52:05Z" data-provider="Excel-DataProvider" finished-at="2019-02-20T07:52:09Z">
          <params>
            <param index="0">
              <value>
                <![CDATA[@gmail.com ]]>
              </value>
            </param>
          </params>
          <reporter-output>
          </reporter-output>
        </test-method> <!-- enterIncorrectEmailTest -->
        <test-method status="PASS" signature="tearDown()[pri:0, instance:com.automationpractice.testcases.LoginAndCreateAnAccountPageTest@5f2108b5]" name="tearDown" is-config="true" duration-ms="651" started-at="2019-02-20T07:52:09Z" finished-at="2019-02-20T07:52:09Z">
          <reporter-output>
          </reporter-output>
        </test-method> <!-- tearDown -->
        <test-method status="PASS" signature="setupBeforeMethod()[pri:0, instance:com.automationpractice.testcases.LoginAndCreateAnAccountPageTest@5f2108b5]" name="setupBeforeMethod" is-config="true" duration-ms="5799" started-at="2019-02-20T07:52:09Z" finished-at="2019-02-20T07:52:15Z">
          <reporter-output>
          </reporter-output>
        </test-method> <!-- setupBeforeMethod -->
        <test-method status="PASS" signature="enterIncorrectEmailTest(java.lang.String)[pri:0, instance:com.automationpractice.testcases.LoginAndCreateAnAccountPageTest@5f2108b5]" name="enterIncorrectEmailTest" duration-ms="3209" started-at="2019-02-20T07:52:15Z" data-provider="Excel-DataProvider" finished-at="2019-02-20T07:52:18Z">
          <params>
            <param index="0">
              <value>
                <![CDATA[automationtesting65@]]>
              </value>
            </param>
          </params>
          <reporter-output>
          </reporter-output>
        </test-method> <!-- enterIncorrectEmailTest -->
        <test-method status="PASS" signature="tearDown()[pri:0, instance:com.automationpractice.testcases.LoginAndCreateAnAccountPageTest@5f2108b5]" name="tearDown" is-config="true" duration-ms="641" started-at="2019-02-20T07:52:18Z" finished-at="2019-02-20T07:52:19Z">
          <reporter-output>
          </reporter-output>
        </test-method> <!-- tearDown -->
        <test-method status="PASS" signature="setupBeforeMethod()[pri:0, instance:com.automationpractice.testcases.LoginAndCreateAnAccountPageTest@5f2108b5]" name="setupBeforeMethod" is-config="true" duration-ms="5920" started-at="2019-02-20T07:52:19Z" finished-at="2019-02-20T07:52:25Z">
          <reporter-output>
          </reporter-output>
        </test-method> <!-- setupBeforeMethod -->
        <test-method status="PASS" signature="enterIncorrectEmailTest(java.lang.String)[pri:0, instance:com.automationpractice.testcases.LoginAndCreateAnAccountPageTest@5f2108b5]" name="enterIncorrectEmailTest" duration-ms="3247" started-at="2019-02-20T07:52:25Z" data-provider="Excel-DataProvider" finished-at="2019-02-20T07:52:28Z">
          <params>
            <param index="0">
              <value>
                <![CDATA[automationtesting65]]>
              </value>
            </param>
          </params>
          <reporter-output>
          </reporter-output>
        </test-method> <!-- enterIncorrectEmailTest -->
        <test-method status="PASS" signature="tearDown()[pri:0, instance:com.automationpractice.testcases.LoginAndCreateAnAccountPageTest@5f2108b5]" name="tearDown" is-config="true" duration-ms="666" started-at="2019-02-20T07:52:28Z" finished-at="2019-02-20T07:52:29Z">
          <reporter-output>
          </reporter-output>
        </test-method> <!-- tearDown -->
        <test-method status="PASS" signature="setupBeforeMethod()[pri:0, instance:com.automationpractice.testcases.LoginAndCreateAnAccountPageTest@5f2108b5]" name="setupBeforeMethod" is-config="true" duration-ms="5905" started-at="2019-02-20T07:52:29Z" finished-at="2019-02-20T07:52:35Z">
          <reporter-output>
          </reporter-output>
        </test-method> <!-- setupBeforeMethod -->
        <test-method status="PASS" signature="enterIncorrectEmailTest(java.lang.String)[pri:0, instance:com.automationpractice.testcases.LoginAndCreateAnAccountPageTest@5f2108b5]" name="enterIncorrectEmailTest" duration-ms="3317" started-at="2019-02-20T07:52:35Z" data-provider="Excel-DataProvider" finished-at="2019-02-20T07:52:38Z">
          <params>
            <param index="0">
              <value>
                <![CDATA[automationtesting65@@gmail.com ]]>
              </value>
            </param>
          </params>
          <reporter-output>
          </reporter-output>
        </test-method> <!-- enterIncorrectEmailTest -->
        <test-method status="PASS" signature="tearDown()[pri:0, instance:com.automationpractice.testcases.LoginAndCreateAnAccountPageTest@5f2108b5]" name="tearDown" is-config="true" duration-ms="647" started-at="2019-02-20T07:52:38Z" finished-at="2019-02-20T07:52:39Z">
          <reporter-output>
          </reporter-output>
        </test-method> <!-- tearDown -->
        <test-method status="PASS" signature="setupBeforeMethod()[pri:0, instance:com.automationpractice.testcases.LoginAndCreateAnAccountPageTest@5f2108b5]" name="setupBeforeMethod" is-config="true" duration-ms="5985" started-at="2019-02-20T07:52:39Z" finished-at="2019-02-20T07:52:45Z">
          <reporter-output>
          </reporter-output>
        </test-method> <!-- setupBeforeMethod -->
        <test-method status="PASS" signature="enterIncorrectEmailTest(java.lang.String)[pri:0, instance:com.automationpractice.testcases.LoginAndCreateAnAccountPageTest@5f2108b5]" name="enterIncorrectEmailTest" duration-ms="3301" started-at="2019-02-20T07:52:45Z" data-provider="Excel-DataProvider" finished-at="2019-02-20T07:52:48Z">
          <params>
            <param index="0">
              <value>
                <![CDATA[automationtesting65@ll .pl]]>
              </value>
            </param>
          </params>
          <reporter-output>
          </reporter-output>
        </test-method> <!-- enterIncorrectEmailTest -->
        <test-method status="PASS" signature="tearDown()[pri:0, instance:com.automationpractice.testcases.LoginAndCreateAnAccountPageTest@5f2108b5]" name="tearDown" is-config="true" duration-ms="691" started-at="2019-02-20T07:52:48Z" finished-at="2019-02-20T07:52:49Z">
          <reporter-output>
          </reporter-output>
        </test-method> <!-- tearDown -->
        <test-method status="PASS" signature="setupBeforeMethod()[pri:0, instance:com.automationpractice.testcases.LoginAndCreateAnAccountPageTest@5f2108b5]" name="setupBeforeMethod" is-config="true" duration-ms="5607" started-at="2019-02-20T07:52:49Z" finished-at="2019-02-20T07:52:54Z">
          <reporter-output>
          </reporter-output>
        </test-method> <!-- setupBeforeMethod -->
        <test-method status="PASS" signature="enterIncorrectEmailTest(java.lang.String)[pri:0, instance:com.automationpractice.testcases.LoginAndCreateAnAccountPageTest@5f2108b5]" name="enterIncorrectEmailTest" duration-ms="3271" started-at="2019-02-20T07:52:54Z" data-provider="Excel-DataProvider" finished-at="2019-02-20T07:52:58Z">
          <params>
            <param index="0">
              <value>
                <![CDATA[Automationtes ting65@ll.pl]]>
              </value>
            </param>
          </params>
          <reporter-output>
          </reporter-output>
        </test-method> <!-- enterIncorrectEmailTest -->
        <test-method status="PASS" signature="tearDown()[pri:0, instance:com.automationpractice.testcases.LoginAndCreateAnAccountPageTest@5f2108b5]" name="tearDown" is-config="true" duration-ms="645" started-at="2019-02-20T07:52:58Z" finished-at="2019-02-20T07:52:58Z">
          <reporter-output>
          </reporter-output>
        </test-method> <!-- tearDown -->
        <test-method status="PASS" signature="setupBeforeMethod()[pri:0, instance:com.automationpractice.testcases.LoginAndCreateAnAccountPageTest@5f2108b5]" name="setupBeforeMethod" is-config="true" duration-ms="5877" started-at="2019-02-20T07:52:58Z" finished-at="2019-02-20T07:53:04Z">
          <reporter-output>
          </reporter-output>
        </test-method> <!-- setupBeforeMethod -->
        <test-method status="PASS" signature="enterIncorrectEmailTest(java.lang.String)[pri:0, instance:com.automationpractice.testcases.LoginAndCreateAnAccountPageTest@5f2108b5]" name="enterIncorrectEmailTest" duration-ms="3230" started-at="2019-02-20T07:53:04Z" data-provider="Excel-DataProvider" finished-at="2019-02-20T07:53:07Z">
          <params>
            <param index="0">
              <value>
                <![CDATA[automationtesting6@onet..pl]]>
              </value>
            </param>
          </params>
          <reporter-output>
          </reporter-output>
        </test-method> <!-- enterIncorrectEmailTest -->
        <test-method status="PASS" signature="tearDown()[pri:0, instance:com.automationpractice.testcases.LoginAndCreateAnAccountPageTest@5f2108b5]" name="tearDown" is-config="true" duration-ms="637" started-at="2019-02-20T07:53:07Z" finished-at="2019-02-20T07:53:08Z">
          <reporter-output>
          </reporter-output>
        </test-method> <!-- tearDown -->
        <test-method status="PASS" signature="setupBeforeMethod()[pri:0, instance:com.automationpractice.testcases.LoginAndCreateAnAccountPageTest@5f2108b5]" name="setupBeforeMethod" is-config="true" duration-ms="6064" started-at="2019-02-20T07:53:08Z" finished-at="2019-02-20T07:53:14Z">
          <reporter-output>
          </reporter-output>
        </test-method> <!-- setupBeforeMethod -->
        <test-method status="PASS" signature="enterIncorrectLoginData(java.lang.String, java.lang.String)[pri:0, instance:com.automationpractice.testcases.LoginAndCreateAnAccountPageTest@5f2108b5]" name="enterIncorrectLoginData" duration-ms="1130" started-at="2019-02-20T07:53:14Z" data-provider="Excel-DataProvider" finished-at="2019-02-20T07:53:15Z">
          <params>
            <param index="0">
              <value>
                <![CDATA[jann@o2.pl]]>
              </value>
            </param>
            <param index="1">
              <value>
                <![CDATA[haslo1]]>
              </value>
            </param>
          </params>
          <reporter-output>
          </reporter-output>
        </test-method> <!-- enterIncorrectLoginData -->
        <test-method status="PASS" signature="tearDown()[pri:0, instance:com.automationpractice.testcases.LoginAndCreateAnAccountPageTest@5f2108b5]" name="tearDown" is-config="true" duration-ms="653" started-at="2019-02-20T07:53:15Z" finished-at="2019-02-20T07:53:16Z">
          <reporter-output>
          </reporter-output>
        </test-method> <!-- tearDown -->
        <test-method status="PASS" signature="setupBeforeMethod()[pri:0, instance:com.automationpractice.testcases.LoginAndCreateAnAccountPageTest@5f2108b5]" name="setupBeforeMethod" is-config="true" duration-ms="5864" started-at="2019-02-20T07:53:16Z" finished-at="2019-02-20T07:53:22Z">
          <reporter-output>
          </reporter-output>
        </test-method> <!-- setupBeforeMethod -->
        <test-method status="PASS" signature="enterIncorrectLoginData(java.lang.String, java.lang.String)[pri:0, instance:com.automationpractice.testcases.LoginAndCreateAnAccountPageTest@5f2108b5]" name="enterIncorrectLoginData" duration-ms="925" started-at="2019-02-20T07:53:22Z" data-provider="Excel-DataProvider" finished-at="2019-02-20T07:53:23Z">
          <params>
            <param index="0">
              <value>
                <![CDATA[jan]]>
              </value>
            </param>
            <param index="1">
              <value>
                <![CDATA[haslo1]]>
              </value>
            </param>
          </params>
          <reporter-output>
          </reporter-output>
        </test-method> <!-- enterIncorrectLoginData -->
        <test-method status="PASS" signature="tearDown()[pri:0, instance:com.automationpractice.testcases.LoginAndCreateAnAccountPageTest@5f2108b5]" name="tearDown" is-config="true" duration-ms="649" started-at="2019-02-20T07:53:23Z" finished-at="2019-02-20T07:53:23Z">
          <reporter-output>
          </reporter-output>
        </test-method> <!-- tearDown -->
        <test-method status="PASS" signature="setupBeforeMethod()[pri:0, instance:com.automationpractice.testcases.LoginAndCreateAnAccountPageTest@5f2108b5]" name="setupBeforeMethod" is-config="true" duration-ms="5650" started-at="2019-02-20T07:53:23Z" finished-at="2019-02-20T07:53:29Z">
          <reporter-output>
          </reporter-output>
        </test-method> <!-- setupBeforeMethod -->
        <test-method status="PASS" signature="enterIncorrectLoginData(java.lang.String, java.lang.String)[pri:0, instance:com.automationpractice.testcases.LoginAndCreateAnAccountPageTest@5f2108b5]" name="enterIncorrectLoginData" duration-ms="1147" started-at="2019-02-20T07:53:29Z" data-provider="Excel-DataProvider" finished-at="2019-02-20T07:53:30Z">
          <params>
            <param index="0">
              <value>
                <![CDATA[jan@o2.pl]]>
              </value>
            </param>
            <param index="1">
              <value>
                <![CDATA[haslo1]]>
              </value>
            </param>
          </params>
          <reporter-output>
          </reporter-output>
        </test-method> <!-- enterIncorrectLoginData -->
        <test-method status="PASS" signature="tearDown()[pri:0, instance:com.automationpractice.testcases.LoginAndCreateAnAccountPageTest@5f2108b5]" name="tearDown" is-config="true" duration-ms="629" started-at="2019-02-20T07:53:30Z" finished-at="2019-02-20T07:53:31Z">
          <reporter-output>
          </reporter-output>
        </test-method> <!-- tearDown -->
        <test-method status="PASS" signature="setupBeforeMethod()[pri:0, instance:com.automationpractice.testcases.LoginAndCreateAnAccountPageTest@5f2108b5]" name="setupBeforeMethod" is-config="true" duration-ms="7046" started-at="2019-02-20T07:53:31Z" finished-at="2019-02-20T07:53:38Z">
          <reporter-output>
          </reporter-output>
        </test-method> <!-- setupBeforeMethod -->
        <test-method status="PASS" signature="enterIncorrectLoginData(java.lang.String, java.lang.String)[pri:0, instance:com.automationpractice.testcases.LoginAndCreateAnAccountPageTest@5f2108b5]" name="enterIncorrectLoginData" duration-ms="1112" started-at="2019-02-20T07:53:38Z" data-provider="Excel-DataProvider" finished-at="2019-02-20T07:53:39Z">
          <params>
            <param index="0">
              <value>
                <![CDATA[jann@o2.pl]]>
              </value>
            </param>
            <param index="1">
              <value>
                <![CDATA[haslo]]>
              </value>
            </param>
          </params>
          <reporter-output>
          </reporter-output>
        </test-method> <!-- enterIncorrectLoginData -->
        <test-method status="PASS" signature="tearDown()[pri:0, instance:com.automationpractice.testcases.LoginAndCreateAnAccountPageTest@5f2108b5]" name="tearDown" is-config="true" duration-ms="635" started-at="2019-02-20T07:53:39Z" finished-at="2019-02-20T07:53:40Z">
          <reporter-output>
          </reporter-output>
        </test-method> <!-- tearDown -->
        <test-method status="PASS" signature="setupBeforeMethod()[pri:0, instance:com.automationpractice.testcases.LoginAndCreateAnAccountPageTest@5f2108b5]" name="setupBeforeMethod" is-config="true" duration-ms="5749" started-at="2019-02-20T07:53:40Z" finished-at="2019-02-20T07:53:45Z">
          <reporter-output>
          </reporter-output>
        </test-method> <!-- setupBeforeMethod -->
        <test-method status="PASS" signature="fillAllRegistrationFormWithCorrectData(java.lang.String, java.lang.String, java.lang.String, java.lang.String, java.lang.String, java.lang.String, java.lang.String, java.lang.String, java.lang.String, java.lang.String, java.lang.String, java.lang.String)[pri:0, instance:com.automationpractice.testcases.LoginAndCreateAnAccountPageTest@5f2108b5]" name="fillAllRegistrationFormWithCorrectData" duration-ms="5323" started-at="2019-02-20T07:53:45Z" data-provider="Excel-DataProvider" finished-at="2019-02-20T07:53:51Z">
          <params>
            <param index="0">
              <value>
                <![CDATA[Jan]]>
              </value>
            </param>
            <param index="1">
              <value>
                <![CDATA[Kowalski]]>
              </value>
            </param>
            <param index="2">
              <value>
                <![CDATA[Password1]]>
              </value>
            </param>
            <param index="3">
              <value>
                <![CDATA[Company a]]>
              </value>
            </param>
            <param index="4">
              <value>
                <![CDATA[Lisia]]>
              </value>
            </param>
            <param index="5">
              <value>
                <![CDATA[3]]>
              </value>
            </param>
            <param index="6">
              <value>
                <![CDATA[Wrocław]]>
              </value>
            </param>
            <param index="7">
              <value>
                <![CDATA[88222]]>
              </value>
            </param>
            <param index="8">
              <value>
                <![CDATA[This is my registration data]]>
              </value>
            </param>
            <param index="9">
              <value>
                <![CDATA[258147]]>
              </value>
            </param>
            <param index="10">
              <value>
                <![CDATA[852369823]]>
              </value>
            </param>
            <param index="11">
              <value>
                <![CDATA[jk@gmail.com]]>
              </value>
            </param>
          </params>
          <reporter-output>
          </reporter-output>
        </test-method> <!-- fillAllRegistrationFormWithCorrectData -->
        <test-method status="PASS" signature="tearDown()[pri:0, instance:com.automationpractice.testcases.LoginAndCreateAnAccountPageTest@5f2108b5]" name="tearDown" is-config="true" duration-ms="659" started-at="2019-02-20T07:53:51Z" finished-at="2019-02-20T07:53:51Z">
          <reporter-output>
          </reporter-output>
        </test-method> <!-- tearDown -->
        <test-method status="PASS" signature="setupBeforeMethod()[pri:0, instance:com.automationpractice.testcases.LoginAndCreateAnAccountPageTest@5f2108b5]" name="setupBeforeMethod" is-config="true" duration-ms="5982" started-at="2019-02-20T07:53:51Z" finished-at="2019-02-20T07:53:57Z">
          <reporter-output>
          </reporter-output>
        </test-method> <!-- setupBeforeMethod -->
        <test-method status="PASS" signature="fillAllRegistrationFormWithCorrectData(java.lang.String, java.lang.String, java.lang.String, java.lang.String, java.lang.String, java.lang.String, java.lang.String, java.lang.String, java.lang.String, java.lang.String, java.lang.String, java.lang.String)[pri:0, instance:com.automationpractice.testcases.LoginAndCreateAnAccountPageTest@5f2108b5]" name="fillAllRegistrationFormWithCorrectData" duration-ms="4954" started-at="2019-02-20T07:53:57Z" data-provider="Excel-DataProvider" finished-at="2019-02-20T07:54:02Z">
          <params>
            <param index="0">
              <value>
                <![CDATA[Adam]]>
              </value>
            </param>
            <param index="1">
              <value>
                <![CDATA[Nowak]]>
              </value>
            </param>
            <param index="2">
              <value>
                <![CDATA[Haslo11A_*]]>
              </value>
            </param>
            <param index="3">
              <value>
                <![CDATA[Company Name]]>
              </value>
            </param>
            <param index="4">
              <value>
                <![CDATA[Prosta]]>
              </value>
            </param>
            <param index="5">
              <value>
                <![CDATA[2/1]]>
              </value>
            </param>
            <param index="6">
              <value>
                <![CDATA[Warszawa]]>
              </value>
            </param>
            <param index="7">
              <value>
                <![CDATA[99877]]>
              </value>
            </param>
            <param index="8">
              <value>
                <![CDATA[]]>
              </value>
            </param>
            <param index="9">
              <value>
                <![CDATA[258147]]>
              </value>
            </param>
            <param index="10">
              <value>
                <![CDATA[]]>
              </value>
            </param>
            <param index="11">
              <value>
                <![CDATA[]]>
              </value>
            </param>
          </params>
          <reporter-output>
          </reporter-output>
        </test-method> <!-- fillAllRegistrationFormWithCorrectData -->
        <test-method status="PASS" signature="tearDown()[pri:0, instance:com.automationpractice.testcases.LoginAndCreateAnAccountPageTest@5f2108b5]" name="tearDown" is-config="true" duration-ms="660" started-at="2019-02-20T07:54:02Z" finished-at="2019-02-20T07:54:03Z">
          <reporter-output>
          </reporter-output>
        </test-method> <!-- tearDown -->
        <test-method status="PASS" signature="setupBeforeMethod()[pri:0, instance:com.automationpractice.testcases.LoginAndCreateAnAccountPageTest@5f2108b5]" name="setupBeforeMethod" is-config="true" duration-ms="5723" started-at="2019-02-20T07:54:03Z" finished-at="2019-02-20T07:54:09Z">
          <reporter-output>
          </reporter-output>
        </test-method> <!-- setupBeforeMethod -->
        <test-method status="PASS" signature="fillAllRegistrationFormWithCorrectData(java.lang.String, java.lang.String, java.lang.String, java.lang.String, java.lang.String, java.lang.String, java.lang.String, java.lang.String, java.lang.String, java.lang.String, java.lang.String, java.lang.String)[pri:0, instance:com.automationpractice.testcases.LoginAndCreateAnAccountPageTest@5f2108b5]" name="fillAllRegistrationFormWithCorrectData" duration-ms="4907" started-at="2019-02-20T07:54:09Z" data-provider="Excel-DataProvider" finished-at="2019-02-20T07:54:14Z">
          <params>
            <param index="0">
              <value>
                <![CDATA[Grażyna]]>
              </value>
            </param>
            <param index="1">
              <value>
                <![CDATA[Wiśniewska]]>
              </value>
            </param>
            <param index="2">
              <value>
                <![CDATA[Haslo**]]>
              </value>
            </param>
            <param index="3">
              <value>
                <![CDATA[Company 1]]>
              </value>
            </param>
            <param index="4">
              <value>
                <![CDATA[Słoneczna]]>
              </value>
            </param>
            <param index="5">
              <value>
                <![CDATA[23/12]]>
              </value>
            </param>
            <param index="6">
              <value>
                <![CDATA[Zielona góra]]>
              </value>
            </param>
            <param index="7">
              <value>
                <![CDATA[12234]]>
              </value>
            </param>
            <param index="8">
              <value>
                <![CDATA[]]>
              </value>
            </param>
            <param index="9">
              <value>
                <![CDATA[]]>
              </value>
            </param>
            <param index="10">
              <value>
                <![CDATA[123123123]]>
              </value>
            </param>
            <param index="11">
              <value>
                <![CDATA[]]>
              </value>
            </param>
          </params>
          <reporter-output>
          </reporter-output>
        </test-method> <!-- fillAllRegistrationFormWithCorrectData -->
        <test-method status="PASS" signature="tearDown()[pri:0, instance:com.automationpractice.testcases.LoginAndCreateAnAccountPageTest@5f2108b5]" name="tearDown" is-config="true" duration-ms="665" started-at="2019-02-20T07:54:14Z" finished-at="2019-02-20T07:54:14Z">
          <reporter-output>
          </reporter-output>
        </test-method> <!-- tearDown -->
      </class> <!-- com.automationpractice.testcases.LoginAndCreateAnAccountPageTest -->
      <class name="com.automationpractice.testcases.MainPageTest">
        <test-method status="PASS" signature="setupBeforeMethod()[pri:0, instance:com.automationpractice.testcases.MainPageTest@31a5c39e]" name="setupBeforeMethod" is-config="true" duration-ms="5753" started-at="2019-02-20T07:54:14Z" finished-at="2019-02-20T07:54:20Z">
          <reporter-output>
          </reporter-output>
        </test-method> <!-- setupBeforeMethod -->
        <test-method status="PASS" signature="onPressLogInButtonMoveToLoginSiteTest()[pri:0, instance:com.automationpractice.testcases.MainPageTest@31a5c39e]" name="onPressLogInButtonMoveToLoginSiteTest" duration-ms="1239" started-at="2019-02-20T07:54:20Z" finished-at="2019-02-20T07:54:21Z">
          <reporter-output>
          </reporter-output>
        </test-method> <!-- onPressLogInButtonMoveToLoginSiteTest -->
        <test-method status="PASS" signature="tearDown()[pri:0, instance:com.automationpractice.testcases.MainPageTest@31a5c39e]" name="tearDown" is-config="true" duration-ms="638" started-at="2019-02-20T07:54:21Z" finished-at="2019-02-20T07:54:22Z">
          <reporter-output>
          </reporter-output>
        </test-method> <!-- tearDown -->
      </class> <!-- com.automationpractice.testcases.MainPageTest -->
    </test> <!-- Test -->
  </suite> <!-- Suite -->
</testng-results>
